This is LuaHBTeX, Version 1.13.2 (TeX Live 2021)  (format=lualatex 2021.9.17)  13 OCT 2021 17:45
 restricted system commands enabled.
**\input{preamble-basic.tex}
Lua module: luaotfload 2021-05-21 3.18 Lua based OpenType font support
Lua module: lualibs 2021-05-20 2.74 ConTeXt Lua standard libraries.
Lua module: lualibs-extended 2021-05-20 2.74 ConTeXt Lua libraries -- extended collection.
luaotfload | conf : Root cache directory is "/usr/local/texlive/2021/texmf-var/luatex-cache/generic/names".
luaotfload | init : Loading fontloader "fontloader-2021-05-20.lua" from kpse-resolved path "/usr/local/texlive/2021/texmf-dist/tex/luatex/luaotfload/fontloader-2021-05-20.lua".
Lua-only attribute luaotfload@noligature = 1
Lua-only attribute luaotfload@syllabe = 2
luaotfload | init : Context OpenType loader version 3.116
Inserting `luaotfload.node_processor' at position 1 in `pre_linebreak_filter'.
Inserting `luaotfload.node_processor' at position 1 in `hpack_filter'.
Inserting `luaotfload.glyph_stream' at position 1 in `glyph_stream_provider'.
Inserting `luaotfload.define_font' at position 1 in `define_font'.
Lua-only attribute luaotfload_color_attribute = 3
luaotfload | conf : Root cache directory is "/usr/local/texlive/2021/texmf-var/luatex-cache/generic/names".
Inserting `luaotfload.harf.strip_prefix' at position 1 in `find_opentype_file'.
Inserting `luaotfload.harf.strip_prefix' at position 1 in `find_truetype_file'.
Inserting `luaotfload.harf.finalize_vlist' at position 1 in `post_linebreak_filter'.
Inserting `luaotfload.harf.finalize_hlist' at position 2 in `hpack_filter'.
Inserting `luaotfload.cleanup_files' at position 1 in `wrapup_run'.
Inserting `luaotfload.harf.finalize_unicode' at position 1 in `finish_pdffile'.
Inserting `luaotfload.glyphinfo' at position 1 in `glyph_info'.
Lua-only attribute luaotfload.letterspace_done = 4
Inserting `luaotfload.aux.set_sscale_dimens' at position 1 in `luaotfload.patch_font'.
Inserting `luaotfload.aux.set_font_index' at position 2 in `luaotfload.patch_font'.
Inserting `luaotfload.aux.patch_cambria_domh' at position 3 in `luaotfload.patch_font'.
Inserting `luaotfload.aux.fixup_fontdata' at position 1 in `luaotfload.patch_font_unsafe'.
Inserting `luaotfload.aux.set_capheight' at position 4 in `luaotfload.patch_font'.
Inserting `luaotfload.aux.set_xheight' at position 5 in `luaotfload.patch_font'.
Inserting `luaotfload.rewrite_fontname' at position 6 in `luaotfload.patch_font'.
Inserting `tracingstacklevels' at position 1 in `input_level_string'.
 (./preamble-basic.tex
(/usr/local/texlive/2021/texmf-dist/tex/latex/pdfmanagement-testphase/pdfmanage
ment-testphase.sty
Package: pdfmanagement-testphase 2021-08-28 v0.95i LaTeX PDF management testpha
se bundle

(/usr/local/texlive/2021/texmf-dist/tex/latex/pdfmanagement-testphase/pdfmanage
ment-testphase.ltx
File: pdfmanagement-testphase.ltx 2021-08-28 v0.95i PDF management code (testph
ase)
\g__pdfmanagement_EmbeddedFiles_int=\count179

(/usr/local/texlive/2021/texmf-dist/tex/latex/l3experimental/l3bitset/l3bitset.
sty
Package: l3bitset 2021-08-27 L3 Experimental bitset support
\l__bitset_internal_int=\count180
))) (/usr/local/texlive/2021/texmf-dist/tex/latex/l3kernel/expl3.sty
Package: expl3 2021-08-27 L3 programming layer (loader) 

(/usr/local/texlive/2021/texmf-dist/tex/latex/l3backend/l3backend-luatex.def
File: l3backend-luatex.def 2021-08-04 L3 backend support: PDF output (LuaTeX)
\l__color_backend_stack_int=\count181
\l__pdf_internal_box=\box50
))
(/usr/local/texlive/2021/texmf-dist/tex/latex/pdfmanagement-testphase/l3backend
-testphase-luatex.def
File: l3backend-testphase-luatex.def 2021-08-28 LaTeX PDF management testphase 
bundle backend support:PDFoutput(LuaTeX)

(/usr/local/texlive/2021/texmf-dist/tex/latex/pdfmanagement-testphase/l3ref-tmp
.sty
Package: l3ref-tmp 2021-06-23 L3 Experimental cross-referencing
)
\l__pdf_backend_tmpa_box=\box51
\l__pdf_backend_tmpb_box=\box52
\g__pdf_backend_resourceid_int=\count182
\g__pdf_backend_name_int=\count183
\g__pdf_backend_page_int=\count184
) (/usr/local/texlive/2021/texmf-dist/tex/latex/tagpdf/tagpdf.sty
Package: tagpdf 2021-08-27 v0.92  A package to experiment with pdf tagging 
\l__tag_tmpa_int=\count185
\l__tag_tmpa_box=\box53
\l__tag_tmpb_box=\box54
\l__tag_loglevel_int=\count186

(/usr/local/texlive/2021/texmf-dist/tex/latex/tagpdf/tagpdf-luatex.def
File: tagpdf-luatex.def 2021-08-27 v0.92 tagpdf driver for luatex
luaotfload | db : Font names database loaded from /usr/local/texlive/2021/texmf-
var/luatex-cache/generic/names/luaotfload-names.luc
Lua module: tagpdf 2021-08-27 0.92 tagpdf lua code
Lua-only attribute g__tag_mc_type_attr = 5
Lua-only attribute g__tag_mc_cnt_attr = 6
Lua-only attribute g__tag_interwordspace_attr = 7
Lua-only attribute g__tag_interwordfont_attr = 8)
\g__tag_para_begin_int=\count187
\g__tag_para_end_int=\count188
\c@g__tag_MCID_abs_int=\count189
\g__tag_MCID_tmp_bypage_int=\count190

(/usr/local/texlive/2021/texmf-dist/tex/latex/tagpdf/tagpdf-mc-code-lua.sty
Package: tagpdf-mc-code-lua 2021-08-27 v0.92 tagpdf - mc code only for the luam
ode 
)
\c@g__tag_parenttree_obj_int=\count191
\c@g__tag_struct_abs_int=\count192
)
Inserting `markspaces' at position 2 in `pre_linebreak_filter'.
Inserting `markspaces' at position 3 in `hpack_filter'.
(/usr/local/texlive/2021/texmf-dist/tex/latex/pdfmanagement-testphase/pdfmanage
ment-firstaid.sty
Package: pdfmanagement-firstaid 2021-08-28 v0.95i LaTeX PDF management testphas
e bundle / firstaid-patches

(/usr/local/texlive/2021/texmf-dist/tex/latex/pdfmanagement-testphase/output-pa
tches-tmp-ltx.sty
Package: output-patches-tmp-ltx 2021-08-20 v0.95 Temporary patches of output co
mmands

(/usr/local/texlive/2021/texmf-dist/tex/latex/etoolbox/etoolbox.sty
Package: etoolbox 2020/10/05 v2.5k e-TeX tools for LaTeX (JAW)
\etb@tempcnta=\count193
)
Patching header in \@outputpage
Patching footer in \@outputpage
Patching \@makecol for tagging
Patching \@makecol for tagging
)

Package pdfmanagement Info: loading pdfmanagement firstaid code for pgf

) (/usr/local/texlive/2021/texmf-dist/tex/latex/base/article.cls
Document Class: article 2021/02/12 v1.4n Standard LaTeX document class
(/usr/local/texlive/2021/texmf-dist/tex/latex/base/size12.clo
File: size12.clo 2021/02/12 v1.4n Standard LaTeX file (size option)
)
\c@part=\count194
\c@section=\count195
\c@subsection=\count196
\c@subsubsection=\count197
\c@paragraph=\count198
\c@subparagraph=\count199
\c@figure=\count266
\c@table=\count267
\abovecaptionskip=\skip47
\belowcaptionskip=\skip48
\bibindent=\dimen138
)
(/usr/local/texlive/texmf-local/tex/colorsettings.tex
(/usr/local/texlive/2021/texmf-dist/tex/latex/xcolor/xcolor.sty
Package: xcolor 2016/05/11 v2.12 LaTeX color extensions (UK)

(/usr/local/texlive/2021/texmf-dist/tex/latex/graphics-cfg/color.cfg
File: color.cfg 2016/01/02 v1.6 sample color configuration
)
Package xcolor Info: Driver file: luatex.def on input line 225.

(/usr/local/texlive/2021/texmf-dist/tex/latex/graphics-def/luatex.def
File: luatex.def 2021/06/01 v1.2c Graphics/color driver for luatex
)
Package xcolor Info: Model `cmy' substituted by `cmy0' on input line 1348.
Package xcolor Info: Model `hsb' substituted by `rgb' on input line 1352.
Package xcolor Info: Model `RGB' extended on input line 1364.
Package xcolor Info: Model `HTML' substituted by `rgb' on input line 1366.
Package xcolor Info: Model `Hsb' substituted by `hsb' on input line 1367.
Package xcolor Info: Model `tHsb' substituted by `hsb' on input line 1368.
Package xcolor Info: Model `HSB' substituted by `hsb' on input line 1369.
Package xcolor Info: Model `Gray' substituted by `gray' on input line 1370.
Package xcolor Info: Model `wave' substituted by `hsb' on input line 1371.
)
(/usr/local/texlive/2021/texmf-dist/tex/latex/pdfmanagement-testphase/xcolor-pa
tches-tmp-ltx.sty
Package: xcolor-patches-tmp-ltx 2021-08-28 v0.95i patch xcolor for l3color
))
(/usr/local/texlive/2021/texmf-dist/tex/latex/hyperref/hyperref.sty
Package: hyperref 2021-06-07 v7.00m Hypertext links for LaTeX

(/usr/local/texlive/2021/texmf-dist/tex/generic/ltxcmds/ltxcmds.sty
Package: ltxcmds 2020-05-10 v1.25 LaTeX kernel commands for general use (HO)
)
(/usr/local/texlive/2021/texmf-dist/tex/generic/iftex/iftex.sty
Package: iftex 2020/03/06 v1.0d TeX engine tests
)
(/usr/local/texlive/2021/texmf-dist/tex/generic/pdftexcmds/pdftexcmds.sty
Package: pdftexcmds 2020-06-27 v0.33 Utility functions of pdfTeX for LuaTeX (HO
)

(/usr/local/texlive/2021/texmf-dist/tex/generic/infwarerr/infwarerr.sty
Package: infwarerr 2019/12/03 v1.5 Providing info/warning/error messages (HO)
)
Package pdftexcmds Info: \pdf@primitive is available.
Package pdftexcmds Info: \pdf@ifprimitive is available.
Package pdftexcmds Info: \pdfdraftmode found.
\pdftexcmds@toks=\toks16
)
(/usr/local/texlive/2021/texmf-dist/tex/latex/graphics/keyval.sty
Package: keyval 2014/10/28 v1.15 key=value parser (DPC)
\KV@toks@=\toks17
)
(/usr/local/texlive/2021/texmf-dist/tex/generic/kvsetkeys/kvsetkeys.sty
Package: kvsetkeys 2019/12/15 v1.18 Key value parser (HO)
)
(/usr/local/texlive/2021/texmf-dist/tex/generic/kvdefinekeys/kvdefinekeys.sty
Package: kvdefinekeys 2019-12-19 v1.6 Define keys (HO)
)
(/usr/local/texlive/2021/texmf-dist/tex/generic/pdfescape/pdfescape.sty
Package: pdfescape 2019/12/09 v1.15 Implements pdfTeX's escape features (HO)
)
(/usr/local/texlive/2021/texmf-dist/tex/latex/hycolor/hycolor.sty
Package: hycolor 2020-01-27 v1.10 Color options for hyperref/bookmark (HO)
)
(/usr/local/texlive/2021/texmf-dist/tex/latex/letltxmacro/letltxmacro.sty
Package: letltxmacro 2019/12/03 v1.6 Let assignment for LaTeX macros (HO)
)
(/usr/local/texlive/2021/texmf-dist/tex/latex/auxhook/auxhook.sty
Package: auxhook 2019-12-17 v1.6 Hooks for auxiliary files (HO)
)
(/usr/local/texlive/2021/texmf-dist/tex/latex/kvoptions/kvoptions.sty
Package: kvoptions 2020-10-07 v3.14 Key value format for package options (HO)
)
\@linkdim=\dimen139
\Hy@linkcounter=\count268
\Hy@pagecounter=\count269

(/usr/local/texlive/2021/texmf-dist/tex/latex/hyperref/pd1enc.def
File: pd1enc.def 2021-06-07 v7.00m Hyperref: PDFDocEncoding definition (HO)
)
(/usr/local/texlive/2021/texmf-dist/tex/latex/hyperref/hyperref-langpatches.def
File: hyperref-langpatches.def 2021-06-07 v7.00m Hyperref: patches for babel la
nguages
) (/usr/local/texlive/2021/texmf-dist/tex/generic/intcalc/intcalc.sty
Package: intcalc 2019/12/15 v1.3 Expandable calculations with integers (HO)
)
(/usr/local/texlive/2021/texmf-dist/tex/generic/etexcmds/etexcmds.sty
Package: etexcmds 2019/12/15 v1.7 Avoid name clashes with e-TeX commands (HO)
)
\Hy@SavedSpaceFactor=\count270

(/usr/local/texlive/2021/texmf-dist/tex/latex/hyperref/puenc.def
File: puenc.def 2021-06-07 v7.00m Hyperref: PDF Unicode definition (HO)
)
Package hyperref Info: Option `breaklinks' set `true' on input line 4073.
Package hyperref Info: Option `colorlinks' set `true' on input line 4073.
Package hyperref Info: Option `bookmarks' set `true' on input line 4073.
Package hyperref Info: Hyper figures OFF on input line 4192.
Package hyperref Info: Link nesting OFF on input line 4197.
Package hyperref Info: Hyper index ON on input line 4200.
Package hyperref Info: Plain pages OFF on input line 4207.
Package hyperref Info: Backreferencing OFF on input line 4212.
Package hyperref Info: Implicit mode ON; LaTeX internals redefined.
Package hyperref Info: Bookmarks ON on input line 4445.
\c@Hy@tempcnt=\count271

(/usr/local/texlive/2021/texmf-dist/tex/latex/url/url.sty
\Urlmuskip=\muskip16
Package: url 2013/09/16  ver 3.4  Verb mode for urls, etc.
)
LaTeX Info: Redefining \url on input line 4804.
\XeTeXLinkMargin=\dimen140

(/usr/local/texlive/2021/texmf-dist/tex/generic/bitset/bitset.sty
Package: bitset 2019/12/09 v1.3 Handle bit-vector datatype (HO)

(/usr/local/texlive/2021/texmf-dist/tex/generic/bigintcalc/bigintcalc.sty
Package: bigintcalc 2019/12/15 v1.5 Expandable calculations on big integers (HO
)
))
\Fld@menulength=\count272
\Field@Width=\dimen141
\Fld@charsize=\dimen142
Package hyperref Info: Hyper figures OFF on input line 6076.
Package hyperref Info: Link nesting OFF on input line 6081.
Package hyperref Info: Hyper index ON on input line 6084.
Package hyperref Info: backreferencing OFF on input line 6091.
Package hyperref Info: Link coloring ON on input line 6094.
Package hyperref Info: Link coloring with OCG OFF on input line 6101.
Package hyperref Info: PDF/A mode OFF on input line 6106.
LaTeX Info: Redefining \ref on input line 6146.
LaTeX Info: Redefining \pageref on input line 6150.

(/usr/local/texlive/2021/texmf-dist/tex/latex/base/atbegshi-ltx.sty
Package: atbegshi-ltx 2021/01/10 v1.0c Emulation of the original atbegshi
package with kernel methods
)
\Hy@abspage=\count273
\c@Item=\count274
\c@Hfootnote=\count275
)
Package hyperref Info: Driver (custom): hgeneric-testphase.

(/usr/local/texlive/2021/texmf-dist/tex/latex/pdfmanagement-testphase/hgeneric-
testphase.def
File: hgeneric-testphase.def 2021-08-28 v0.95i generic Hyperref driver for the 
LaTeX PDF management testphase bundle

(/usr/local/texlive/2021/texmf-dist/tex/latex/pdfmanagement-testphase/hyperref-
colorschemes.def)
LaTeX Info: Redefining \href on input line 259.
LaTeX Info: Redefining \url on input line 349.
\l__hyp_tmpa_box=\box55
\l__hyp_tmpa_int=\count276
\l__hyp_dest_box=\box56
\HyAnn@Count=\count277
\Fld@listcount=\count278
\Hy@SectionHShift=\skip49
LaTeX Info: Redefining \Hy__hypSectionAnchor on input line 3464.
) (/usr/local/texlive/texmf-local/tex/titlessectionstoc.tex
(/usr/local/texlive/2021/texmf-dist/tex/latex/geometry/geometry.sty
Package: geometry 2020/01/02 v5.9 Page Geometry

(/usr/local/texlive/2021/texmf-dist/tex/generic/iftex/ifvtex.sty
Package: ifvtex 2019/10/25 v1.7 ifvtex legacy package. Use iftex instead.
)
\Gm@cnth=\count279
\Gm@cntv=\count280
\c@Gm@tempcnt=\count281
\Gm@bindingoffset=\dimen143
\Gm@wd@mp=\dimen144
\Gm@odd@mp=\dimen145
\Gm@even@mp=\dimen146
\Gm@layoutwidth=\dimen147
\Gm@layoutheight=\dimen148
\Gm@layouthoffset=\dimen149
\Gm@layoutvoffset=\dimen150
\Gm@dimlist=\toks18
)
(/usr/local/texlive/2021/texmf-dist/tex/latex/titlecaps/titlecaps.sty
Package: titlecaps 2015/01/30 V1.2 Routines for setting rich-text input into Ti
tling Caps

(/usr/local/texlive/2021/texmf-dist/tex/latex/ifnextok/ifnextok.sty
Package: ifnextok 2011/06/27 v0.3 test next token (UL)
)
(/usr/local/texlive/2021/texmf-dist/tex/latex/base/ifthen.sty
Package: ifthen 2020/11/24 v1.1c Standard LaTeX ifthen package (DPC)
)
\c@lcword@index=\count282
\c@word@count=\count283
\c@lc@words=\count284
\c@dia@count=\count285
\c@arg@@@index=\count286
)
(/usr/local/texlive/2021/texmf-dist/tex/latex/titlesec/titlesec.sty
Package: titlesec 2021/07/05 v2.14 Sectioning titles
\ttl@box=\box57
\beforetitleunit=\skip50
\aftertitleunit=\skip51
\ttl@plus=\dimen151
\ttl@minus=\dimen152
\ttl@toksa=\toks19
\titlewidth=\dimen153
\titlewidthlast=\dimen154
\titlewidthfirst=\dimen155
))
(/usr/local/texlive/2021/texmf-dist/tex/latex/graphics/graphicx.sty
Package: graphicx 2020/12/05 v1.2c Enhanced LaTeX Graphics (DPC,SPQR)

(/usr/local/texlive/2021/texmf-dist/tex/latex/graphics/graphics.sty
Package: graphics 2021/03/04 v1.4d Standard LaTeX Graphics (DPC,SPQR)

(/usr/local/texlive/2021/texmf-dist/tex/latex/graphics/trig.sty
Package: trig 2016/01/03 v1.10 sin cos tan (DPC)
)
(/usr/local/texlive/2021/texmf-dist/tex/latex/graphics-cfg/graphics.cfg
File: graphics.cfg 2016/06/04 v1.11 sample graphics configuration
)
Package graphics Info: Driver file: luatex.def on input line 107.
)
\Gin@req@height=\dimen156
\Gin@req@width=\dimen157
)
(/usr/local/texlive/texmf-local/tex/listsettings.tex
(/usr/local/texlive/2021/texmf-dist/tex/latex/tools/multicol.sty
Package: multicol 2019/12/09 v1.8y multicolumn formatting (FMi)
\c@tracingmulticols=\count287
\mult@box=\box58
\multicol@leftmargin=\dimen158
\c@unbalance=\count288
\c@collectmore=\count289
\doublecol@number=\count290
\multicoltolerance=\count291
\multicolpretolerance=\count292
\full@width=\dimen159
\page@free=\dimen160
\premulticols=\dimen161
\postmulticols=\dimen162
\multicolsep=\skip52
\multicolbaselineskip=\skip53
\partial@page=\box59
\last@line=\box60
\maxbalancingoverflow=\dimen163
\mult@rightbox=\box61
\mult@grightbox=\box62
\mult@gfirstbox=\box63
\mult@firstbox=\box64
\@tempa=\box65
\@tempa=\box66
\@tempa=\box67
\@tempa=\box68
\@tempa=\box69
\@tempa=\box70
\@tempa=\box71
\@tempa=\box72
\@tempa=\box73
\@tempa=\box74
\@tempa=\box75
\@tempa=\box76
\@tempa=\box77
\@tempa=\box78
\@tempa=\box79
\@tempa=\box80
\@tempa=\box81
\@tempa=\box82
\@tempa=\box83
\@tempa=\box84
\@tempa=\box85
\@tempa=\box86
\@tempa=\box87
\@tempa=\box88
\@tempa=\box89
\@tempa=\box90
\@tempa=\box91
\@tempa=\box92
\@tempa=\box93
\@tempa=\box94
\@tempa=\box95
\@tempa=\box96
\@tempa=\box97
\@tempa=\box98
\@tempa=\box99
\@tempa=\box100
\@tempa=\box101
\c@minrows=\count293
\c@columnbadness=\count294
\c@finalcolumnbadness=\count295
\last@try=\dimen164
\multicolovershoot=\dimen165
\multicolundershoot=\dimen166
\mult@nat@firstbox=\box102
\colbreak@box=\box103
\mc@col@check@num=\count296
)
Patching \page@sofar for tagging
\c@nlcounter=\count297
) (/usr/local/texlive/texmf-local/tex/figuresettings.tex
(/usr/local/texlive/2021/texmf-dist/tex/latex/mdframed/mdframed.sty
Package: mdframed 2013/07/01 1.9b: mdframed

(/usr/local/texlive/2021/texmf-dist/tex/latex/l3packages/xparse/xparse.sty
Package: xparse 2021-08-27 L3 Experimental document command parser
)
(/usr/local/texlive/2021/texmf-dist/tex/latex/zref/zref-abspage.sty
Package: zref-abspage 2020-07-03 v2.32 Module abspage for zref (HO)

(/usr/local/texlive/2021/texmf-dist/tex/latex/zref/zref-base.sty
Package: zref-base 2020-07-03 v2.32 Module base for zref (HO)
Package zref Info: New property list: main on input line 764.
Package zref Info: New property: default on input line 765.
Package zref Info: New property: page on input line 766.
)
\c@abspage=\count298
Package zref Info: New property: abspage on input line 66.
)
(/usr/local/texlive/2021/texmf-dist/tex/latex/needspace/needspace.sty
Package: needspace 2010/09/12 v1.3d reserve vertical space
)
\mdf@templength=\skip54
\c@mdf@globalstyle@cnt=\count299
\mdf@skipabove@length=\skip55
\mdf@skipbelow@length=\skip56
\mdf@leftmargin@length=\skip57
\mdf@rightmargin@length=\skip58
\mdf@innerleftmargin@length=\skip59
\mdf@innerrightmargin@length=\skip60
\mdf@innertopmargin@length=\skip61
\mdf@innerbottommargin@length=\skip62
\mdf@splittopskip@length=\skip63
\mdf@splitbottomskip@length=\skip64
\mdf@outermargin@length=\skip65
\mdf@innermargin@length=\skip66
\mdf@linewidth@length=\skip67
\mdf@innerlinewidth@length=\skip68
\mdf@middlelinewidth@length=\skip69
\mdf@outerlinewidth@length=\skip70
\mdf@roundcorner@length=\skip71
\mdf@footenotedistance@length=\skip72
\mdf@userdefinedwidth@length=\skip73
\mdf@needspace@length=\skip74
\mdf@frametitleaboveskip@length=\skip75
\mdf@frametitlebelowskip@length=\skip76
\mdf@frametitlerulewidth@length=\skip77
\mdf@frametitleleftmargin@length=\skip78
\mdf@frametitlerightmargin@length=\skip79
\mdf@shadowsize@length=\skip80
\mdf@extratopheight@length=\skip81
\mdf@subtitleabovelinewidth@length=\skip82
\mdf@subtitlebelowlinewidth@length=\skip83
\mdf@subtitleaboveskip@length=\skip84
\mdf@subtitlebelowskip@length=\skip85
\mdf@subtitleinneraboveskip@length=\skip86
\mdf@subtitleinnerbelowskip@length=\skip87
\mdf@subsubtitleabovelinewidth@length=\skip88
\mdf@subsubtitlebelowlinewidth@length=\skip89
\mdf@subsubtitleaboveskip@length=\skip90
\mdf@subsubtitlebelowskip@length=\skip91
\mdf@subsubtitleinneraboveskip@length=\skip92
\mdf@subsubtitleinnerbelowskip@length=\skip93

(/usr/local/texlive/2021/texmf-dist/tex/latex/mdframed/md-frame-0.mdf
File: md-frame-0.mdf 2013/07/01\ 1.9b: md-frame-0
)
\mdf@frametitlebox=\box104
\mdf@footnotebox=\box105
\mdf@splitbox@one=\box106
\mdf@splitbox@two=\box107
\mdf@splitbox@save=\box108
\mdfsplitboxwidth=\skip94
\mdfsplitboxtotalwidth=\skip95
\mdfsplitboxheight=\skip96
\mdfsplitboxdepth=\skip97
\mdfsplitboxtotalheight=\skip98
\mdfframetitleboxwidth=\skip99
\mdfframetitleboxtotalwidth=\skip100
\mdfframetitleboxheight=\skip101
\mdfframetitleboxdepth=\skip102
\mdfframetitleboxtotalheight=\skip103
\mdffootnoteboxwidth=\skip104
\mdffootnoteboxtotalwidth=\skip105
\mdffootnoteboxheight=\skip106
\mdffootnoteboxdepth=\skip107
\mdffootnoteboxtotalheight=\skip108
\mdftotallinewidth=\skip109
\mdfboundingboxwidth=\skip110
\mdfboundingboxtotalwidth=\skip111
\mdfboundingboxheight=\skip112
\mdfboundingboxdepth=\skip113
\mdfboundingboxtotalheight=\skip114
\mdf@freevspace@length=\skip115
\mdf@horizontalwidthofbox@length=\skip116
\mdf@verticalmarginwhole@length=\skip117
\mdf@horizontalspaceofbox=\skip118
\mdfsubtitleheight=\skip119
\mdfsubsubtitleheight=\skip120
\c@mdfcountframes=\count300

****** mdframed patching \endmdf@trivlist

****** -- success******

\mdf@envdepth=\count301
\c@mdf@env@i=\count302
\c@mdf@env@ii=\count303
\c@mdf@zref@counter=\count304
Package zref Info: New property: mdf@pagevalue on input line 895.
)
\c@ncounter=\count305
)
(/usr/local/texlive/texmf-local/tex/listingssettings.tex
(/usr/local/texlive/2021/texmf-dist/tex/latex/listings/listings.sty
\lst@mode=\count306
\lst@gtempboxa=\box109
\lst@token=\toks20
\lst@length=\count307
\lst@currlwidth=\dimen167
\lst@column=\count308
\lst@pos=\count309
\lst@lostspace=\dimen168
\lst@width=\dimen169
\lst@newlines=\count310
\lst@lineno=\count311
\lst@maxwidth=\dimen170

(/usr/local/texlive/2021/texmf-dist/tex/latex/listings/lstmisc.sty
File: lstmisc.sty 2020/03/24 1.8d (Carsten Heinz)
\c@lstnumber=\count312
\lst@skipnumbers=\count313
\lst@framebox=\box110
)
(/usr/local/texlive/2021/texmf-dist/tex/latex/listings/listings.cfg
File: listings.cfg 2020/03/24 1.8d listings configuration
))
Package: listings 2020/03/24 1.8d (Carsten Heinz)

(/usr/local/texlive/texmf-local/tex/listings-lstlang4.tex)
(/usr/local/texlive/2021/texmf-dist/tex/latex/base/textcomp.sty
Package: textcomp 2020/02/02 v2.0n Standard LaTeX package
)
(/usr/local/texlive/2021/texmf-dist/tex/latex/upquote/upquote.sty
Package: upquote 2012/04/19 v1.3 upright-quote and grave-accent glyphs in verba
tim
)
(/usr/local/texlive/2021/texmf-dist/tex/latex/listings/lstlang1.sty
File: lstlang1.sty 2020/03/24 1.8d listings language file
))
(/usr/local/texlive/texmf-local/tex/tikzsettings.tex
(/usr/local/texlive/2021/texmf-dist/tex/latex/pgf/frontendlayer/tikz.sty
(/usr/local/texlive/2021/texmf-dist/tex/latex/pgf/basiclayer/pgf.sty
(/usr/local/texlive/2021/texmf-dist/tex/latex/pgf/utilities/pgfrcs.sty
(/usr/local/texlive/2021/texmf-dist/tex/generic/pgf/utilities/pgfutil-common.te
x
\pgfutil@everybye=\toks21
\pgfutil@tempdima=\dimen171
\pgfutil@tempdimb=\dimen172

(/usr/local/texlive/2021/texmf-dist/tex/generic/pgf/utilities/pgfutil-common-li
sts.tex))
(/usr/local/texlive/2021/texmf-dist/tex/generic/pgf/utilities/pgfutil-latex.def
\pgfutil@abb=\box111
) (/usr/local/texlive/2021/texmf-dist/tex/generic/pgf/utilities/pgfrcs.code.tex
(/usr/local/texlive/2021/texmf-dist/tex/generic/pgf/pgf.revision.tex)
Package: pgfrcs 2021/05/15 v3.1.9a (3.1.9a)
))
Package: pgf 2021/05/15 v3.1.9a (3.1.9a)

(/usr/local/texlive/2021/texmf-dist/tex/latex/pgf/basiclayer/pgfcore.sty
(/usr/local/texlive/2021/texmf-dist/tex/latex/pgf/systemlayer/pgfsys.sty
(/usr/local/texlive/2021/texmf-dist/tex/generic/pgf/systemlayer/pgfsys.code.tex
Package: pgfsys 2021/05/15 v3.1.9a (3.1.9a)
(/usr/local/texlive/2021/texmf-dist/tex/generic/pgf/utilities/pgfkeys.code.tex
\pgfkeys@pathtoks=\toks22
\pgfkeys@temptoks=\toks23

(/usr/local/texlive/2021/texmf-dist/tex/generic/pgf/utilities/pgfkeysfiltered.c
ode.tex
\pgfkeys@tmptoks=\toks24
))
\pgf@x=\dimen173
\pgf@y=\dimen174
\pgf@xa=\dimen175
\pgf@ya=\dimen176
\pgf@xb=\dimen177
\pgf@yb=\dimen178
\pgf@xc=\dimen179
\pgf@yc=\dimen180
\pgf@xd=\dimen181
\pgf@yd=\dimen182
\w@pgf@writea=\write3
\r@pgf@reada=\read2
\c@pgf@counta=\count314
\c@pgf@countb=\count315
\c@pgf@countc=\count316
\c@pgf@countd=\count317
\t@pgf@toka=\toks25
\t@pgf@tokb=\toks26
\t@pgf@tokc=\toks27
\pgf@sys@id@count=\count318

(/usr/local/texlive/2021/texmf-dist/tex/generic/pgf/systemlayer/pgf.cfg
File: pgf.cfg 2021/05/15 v3.1.9a (3.1.9a)
)
Driver file for pgf: pgfsys-luatex.def

(/usr/local/texlive/2021/texmf-dist/tex/generic/pgf/systemlayer/pgfsys-luatex.d
ef
File: pgfsys-luatex.def 2021/05/15 v3.1.9a (3.1.9a)

(/usr/local/texlive/2021/texmf-dist/tex/generic/pgf/systemlayer/pgfsys-common-p
df.def
File: pgfsys-common-pdf.def 2021/05/15 v3.1.9a (3.1.9a)
)))
(/usr/local/texlive/2021/texmf-dist/tex/generic/pgf/systemlayer/pgfsyssoftpath.
code.tex
File: pgfsyssoftpath.code.tex 2021/05/15 v3.1.9a (3.1.9a)
\pgfsyssoftpath@smallbuffer@items=\count319
\pgfsyssoftpath@bigbuffer@items=\count320
)
(/usr/local/texlive/2021/texmf-dist/tex/generic/pgf/systemlayer/pgfsysprotocol.
code.tex
File: pgfsysprotocol.code.tex 2021/05/15 v3.1.9a (3.1.9a)
))
(/usr/local/texlive/2021/texmf-dist/tex/generic/pgf/basiclayer/pgfcore.code.tex
Package: pgfcore 2021/05/15 v3.1.9a (3.1.9a)
(/usr/local/texlive/2021/texmf-dist/tex/generic/pgf/math/pgfmath.code.tex
(/usr/local/texlive/2021/texmf-dist/tex/generic/pgf/math/pgfmathcalc.code.tex
(/usr/local/texlive/2021/texmf-dist/tex/generic/pgf/math/pgfmathutil.code.tex)
(/usr/local/texlive/2021/texmf-dist/tex/generic/pgf/math/pgfmathparser.code.tex
\pgfmath@dimen=\dimen183
\pgfmath@count=\count321
\pgfmath@box=\box112
\pgfmath@toks=\toks28
\pgfmath@stack@operand=\toks29
\pgfmath@stack@operation=\toks30
)
(/usr/local/texlive/2021/texmf-dist/tex/generic/pgf/math/pgfmathfunctions.code.
tex
(/usr/local/texlive/2021/texmf-dist/tex/generic/pgf/math/pgfmathfunctions.basic
.code.tex)
(/usr/local/texlive/2021/texmf-dist/tex/generic/pgf/math/pgfmathfunctions.trigo
nometric.code.tex)
(/usr/local/texlive/2021/texmf-dist/tex/generic/pgf/math/pgfmathfunctions.rando
m.code.tex)
(/usr/local/texlive/2021/texmf-dist/tex/generic/pgf/math/pgfmathfunctions.compa
rison.code.tex)
(/usr/local/texlive/2021/texmf-dist/tex/generic/pgf/math/pgfmathfunctions.base.
code.tex)
(/usr/local/texlive/2021/texmf-dist/tex/generic/pgf/math/pgfmathfunctions.round
.code.tex)
(/usr/local/texlive/2021/texmf-dist/tex/generic/pgf/math/pgfmathfunctions.misc.
code.tex)
(/usr/local/texlive/2021/texmf-dist/tex/generic/pgf/math/pgfmathfunctions.integ
erarithmetics.code.tex)))
(/usr/local/texlive/2021/texmf-dist/tex/generic/pgf/math/pgfmathfloat.code.tex
\c@pgfmathroundto@lastzeros=\count322
)) (/usr/local/texlive/2021/texmf-dist/tex/generic/pgf/math/pgfint.code.tex)
(/usr/local/texlive/2021/texmf-dist/tex/generic/pgf/basiclayer/pgfcorepoints.co
de.tex
File: pgfcorepoints.code.tex 2021/05/15 v3.1.9a (3.1.9a)
\pgf@picminx=\dimen184
\pgf@picmaxx=\dimen185
\pgf@picminy=\dimen186
\pgf@picmaxy=\dimen187
\pgf@pathminx=\dimen188
\pgf@pathmaxx=\dimen189
\pgf@pathminy=\dimen190
\pgf@pathmaxy=\dimen191
\pgf@xx=\dimen192
\pgf@xy=\dimen193
\pgf@yx=\dimen194
\pgf@yy=\dimen195
\pgf@zx=\dimen196
\pgf@zy=\dimen197
)
(/usr/local/texlive/2021/texmf-dist/tex/generic/pgf/basiclayer/pgfcorepathconst
ruct.code.tex
File: pgfcorepathconstruct.code.tex 2021/05/15 v3.1.9a (3.1.9a)
\pgf@path@lastx=\dimen198
\pgf@path@lasty=\dimen199
)
(/usr/local/texlive/2021/texmf-dist/tex/generic/pgf/basiclayer/pgfcorepathusage
.code.tex
File: pgfcorepathusage.code.tex 2021/05/15 v3.1.9a (3.1.9a)
\pgf@shorten@end@additional=\dimen256
\pgf@shorten@start@additional=\dimen257
)
(/usr/local/texlive/2021/texmf-dist/tex/generic/pgf/basiclayer/pgfcorescopes.co
de.tex
File: pgfcorescopes.code.tex 2021/05/15 v3.1.9a (3.1.9a)
\pgfpic=\box113
\pgf@hbox=\box114
\pgf@layerbox@main=\box115
\pgf@picture@serial@count=\count323
)
(/usr/local/texlive/2021/texmf-dist/tex/generic/pgf/basiclayer/pgfcoregraphicst
ate.code.tex
File: pgfcoregraphicstate.code.tex 2021/05/15 v3.1.9a (3.1.9a)
\pgflinewidth=\dimen258
)
(/usr/local/texlive/2021/texmf-dist/tex/generic/pgf/basiclayer/pgfcoretransform
ations.code.tex
File: pgfcoretransformations.code.tex 2021/05/15 v3.1.9a (3.1.9a)
\pgf@pt@x=\dimen259
\pgf@pt@y=\dimen260
\pgf@pt@temp=\dimen261
)
(/usr/local/texlive/2021/texmf-dist/tex/generic/pgf/basiclayer/pgfcorequick.cod
e.tex
File: pgfcorequick.code.tex 2021/05/15 v3.1.9a (3.1.9a)
)
(/usr/local/texlive/2021/texmf-dist/tex/generic/pgf/basiclayer/pgfcoreobjects.c
ode.tex
File: pgfcoreobjects.code.tex 2021/05/15 v3.1.9a (3.1.9a)
)
(/usr/local/texlive/2021/texmf-dist/tex/generic/pgf/basiclayer/pgfcorepathproce
ssing.code.tex
File: pgfcorepathprocessing.code.tex 2021/05/15 v3.1.9a (3.1.9a)
)
(/usr/local/texlive/2021/texmf-dist/tex/generic/pgf/basiclayer/pgfcorearrows.co
de.tex
File: pgfcorearrows.code.tex 2021/05/15 v3.1.9a (3.1.9a)
\pgfarrowsep=\dimen262
)
(/usr/local/texlive/2021/texmf-dist/tex/generic/pgf/basiclayer/pgfcoreshade.cod
e.tex
File: pgfcoreshade.code.tex 2021/05/15 v3.1.9a (3.1.9a)
\pgf@max=\dimen263
\pgf@sys@shading@range@num=\count324
\pgf@shadingcount=\count325
)
(/usr/local/texlive/2021/texmf-dist/tex/generic/pgf/basiclayer/pgfcoreimage.cod
e.tex
File: pgfcoreimage.code.tex 2021/05/15 v3.1.9a (3.1.9a)

(/usr/local/texlive/2021/texmf-dist/tex/generic/pgf/basiclayer/pgfcoreexternal.
code.tex
File: pgfcoreexternal.code.tex 2021/05/15 v3.1.9a (3.1.9a)
\pgfexternal@startupbox=\box116
))
(/usr/local/texlive/2021/texmf-dist/tex/generic/pgf/basiclayer/pgfcorelayers.co
de.tex
File: pgfcorelayers.code.tex 2021/05/15 v3.1.9a (3.1.9a)
)
(/usr/local/texlive/2021/texmf-dist/tex/generic/pgf/basiclayer/pgfcoretranspare
ncy.code.tex
File: pgfcoretransparency.code.tex 2021/05/15 v3.1.9a (3.1.9a)
)
(/usr/local/texlive/2021/texmf-dist/tex/generic/pgf/basiclayer/pgfcorepatterns.
code.tex
File: pgfcorepatterns.code.tex 2021/05/15 v3.1.9a (3.1.9a)
)
(/usr/local/texlive/2021/texmf-dist/tex/generic/pgf/basiclayer/pgfcorerdf.code.
tex
File: pgfcorerdf.code.tex 2021/05/15 v3.1.9a (3.1.9a)
)))
(/usr/local/texlive/2021/texmf-dist/tex/generic/pgf/modules/pgfmoduleshapes.cod
e.tex
File: pgfmoduleshapes.code.tex 2021/05/15 v3.1.9a (3.1.9a)
\pgfnodeparttextbox=\box117
)
(/usr/local/texlive/2021/texmf-dist/tex/generic/pgf/modules/pgfmoduleplot.code.
tex
File: pgfmoduleplot.code.tex 2021/05/15 v3.1.9a (3.1.9a)
)
(/usr/local/texlive/2021/texmf-dist/tex/latex/pgf/compatibility/pgfcomp-version
-0-65.sty
Package: pgfcomp-version-0-65 2021/05/15 v3.1.9a (3.1.9a)
\pgf@nodesepstart=\dimen264
\pgf@nodesepend=\dimen265
)
(/usr/local/texlive/2021/texmf-dist/tex/latex/pgf/compatibility/pgfcomp-version
-1-18.sty
Package: pgfcomp-version-1-18 2021/05/15 v3.1.9a (3.1.9a)
))
(/usr/local/texlive/2021/texmf-dist/tex/latex/pgf/utilities/pgffor.sty
(/usr/local/texlive/2021/texmf-dist/tex/latex/pgf/utilities/pgfkeys.sty
(/usr/local/texlive/2021/texmf-dist/tex/generic/pgf/utilities/pgfkeys.code.tex))
 (/usr/local/texlive/2021/texmf-dist/tex/latex/pgf/math/pgfmath.sty
(/usr/local/texlive/2021/texmf-dist/tex/generic/pgf/math/pgfmath.code.tex))
(/usr/local/texlive/2021/texmf-dist/tex/generic/pgf/utilities/pgffor.code.tex
Package: pgffor 2021/05/15 v3.1.9a (3.1.9a)

(/usr/local/texlive/2021/texmf-dist/tex/generic/pgf/math/pgfmath.code.tex)
\pgffor@iter=\dimen266
\pgffor@skip=\dimen267
\pgffor@stack=\toks31
\pgffor@toks=\toks32
))
(/usr/local/texlive/2021/texmf-dist/tex/generic/pgf/frontendlayer/tikz/tikz.cod
e.tex
Package: tikz 2021/05/15 v3.1.9a (3.1.9a)

(/usr/local/texlive/2021/texmf-dist/tex/generic/pgf/libraries/pgflibraryplothan
dlers.code.tex
File: pgflibraryplothandlers.code.tex 2021/05/15 v3.1.9a (3.1.9a)
\pgf@plot@mark@count=\count326
\pgfplotmarksize=\dimen268
)
\tikz@lastx=\dimen269
\tikz@lasty=\dimen270
\tikz@lastxsaved=\dimen271
\tikz@lastysaved=\dimen272
\tikz@lastmovetox=\dimen273
\tikz@lastmovetoy=\dimen274
\tikzleveldistance=\dimen275
\tikzsiblingdistance=\dimen276
\tikz@figbox=\box118
\tikz@figbox@bg=\box119
\tikz@tempbox=\box120
\tikz@tempbox@bg=\box121
\tikztreelevel=\count327
\tikznumberofchildren=\count328
\tikznumberofcurrentchild=\count329
\tikz@fig@count=\count330

(/usr/local/texlive/2021/texmf-dist/tex/generic/pgf/modules/pgfmodulematrix.cod
e.tex
File: pgfmodulematrix.code.tex 2021/05/15 v3.1.9a (3.1.9a)
\pgfmatrixcurrentrow=\count331
\pgfmatrixcurrentcolumn=\count332
\pgf@matrix@numberofcolumns=\count333
)
\tikz@expandcount=\count334

(/usr/local/texlive/2021/texmf-dist/tex/generic/pgf/frontendlayer/tikz/librarie
s/tikzlibrarytopaths.code.tex
File: tikzlibrarytopaths.code.tex 2021/05/15 v3.1.9a (3.1.9a)
)))
(/usr/local/texlive/2021/texmf-dist/tex/generic/pgf/frontendlayer/tikz/librarie
s/tikzlibraryautomata.code.tex
File: tikzlibraryautomata.code.tex 2021/05/15 v3.1.9a (3.1.9a)

(/usr/local/texlive/2021/texmf-dist/tex/generic/pgf/frontendlayer/tikz/librarie
s/tikzlibraryshapes.multipart.code.tex
File: tikzlibraryshapes.multipart.code.tex 2021/05/15 v3.1.9a (3.1.9a)

(/usr/local/texlive/2021/texmf-dist/tex/generic/pgf/libraries/shapes/pgflibrary
shapes.multipart.code.tex
File: pgflibraryshapes.multipart.code.tex 2021/05/15 v3.1.9a (3.1.9a)
\pgfnodepartlowerbox=\box122
\pgfnodeparttwobox=\box123
\pgfnodepartthreebox=\box124
\pgfnodepartfourbox=\box125
\pgfnodeparttwentybox=\box126
\pgfnodepartnineteenbox=\box127
\pgfnodeparteighteenbox=\box128
\pgfnodepartseventeenbox=\box129
\pgfnodepartsixteenbox=\box130
\pgfnodepartfifteenbox=\box131
\pgfnodepartfourteenbox=\box132
\pgfnodepartthirteenbox=\box133
\pgfnodeparttwelvebox=\box134
\pgfnodepartelevenbox=\box135
\pgfnodeparttenbox=\box136
\pgfnodepartninebox=\box137
\pgfnodeparteightbox=\box138
\pgfnodepartsevenbox=\box139
\pgfnodepartsixbox=\box140
\pgfnodepartfivebox=\box141
)))
(/usr/local/texlive/2021/texmf-dist/tex/generic/pgf/frontendlayer/tikz/librarie
s/tikzlibraryarrows.code.tex
File: tikzlibraryarrows.code.tex 2021/05/15 v3.1.9a (3.1.9a)

(/usr/local/texlive/2021/texmf-dist/tex/generic/pgf/libraries/pgflibraryarrows.
code.tex
File: pgflibraryarrows.code.tex 2021/05/15 v3.1.9a (3.1.9a)
\arrowsize=\dimen277
))
(/usr/local/texlive/2021/texmf-dist/tex/generic/pgf/frontendlayer/tikz/librarie
s/tikzlibrarybackgrounds.code.tex
File: tikzlibrarybackgrounds.code.tex 2021/05/15 v3.1.9a (3.1.9a)
\pgf@layerbox@background=\box142
\pgf@layerboxsaved@background=\box143
)
(/usr/local/texlive/2021/texmf-dist/tex/generic/pgf/frontendlayer/tikz/librarie
s/tikzlibrarydecorations.text.code.tex
(/usr/local/texlive/2021/texmf-dist/tex/generic/pgf/frontendlayer/tikz/librarie
s/tikzlibrarydecorations.code.tex
(/usr/local/texlive/2021/texmf-dist/tex/generic/pgf/modules/pgfmoduledecoration
s.code.tex
\pgfdecoratedcompleteddistance=\dimen278
\pgfdecoratedremainingdistance=\dimen279
\pgfdecoratedinputsegmentcompleteddistance=\dimen280
\pgfdecoratedinputsegmentremainingdistance=\dimen281
\pgf@decorate@distancetomove=\dimen282
\pgf@decorate@repeatstate=\count335
\pgfdecorationsegmentamplitude=\dimen283
\pgfdecorationsegmentlength=\dimen284
)
\tikz@lib@dec@box=\box144
)
(/usr/local/texlive/2021/texmf-dist/tex/generic/pgf/libraries/decorations/pgfli
brarydecorations.text.code.tex
\pgf@lib@dec@text@box=\box145
)
\tikz@lib@dec@te@box=\box146
)
(/usr/local/texlive/2021/texmf-dist/tex/generic/pgf/frontendlayer/tikz/librarie
s/tikzlibrarydecorations.markings.code.tex
(/usr/local/texlive/2021/texmf-dist/tex/generic/pgf/libraries/decorations/pgfli
brarydecorations.markings.code.tex))
(/usr/local/texlive/2021/texmf-dist/tex/generic/pgf/frontendlayer/tikz/librarie
s/tikzlibraryfit.code.tex
File: tikzlibraryfit.code.tex 2021/05/15 v3.1.9a (3.1.9a)
)
(/usr/local/texlive/2021/texmf-dist/tex/generic/pgf/frontendlayer/tikz/librarie
s/graphs/tikzlibrarygraphs.code.tex
File: tikzlibrarygraphs.code.tex 2021/05/15 v3.1.9a (3.1.9a)
\tikz@lib@auto@number=\count336
\tikz@qnode@count=\count337
)
(/usr/local/texlive/2021/texmf-dist/tex/generic/pgf/frontendlayer/tikz/librarie
s/tikzlibraryshapes.geometric.code.tex
File: tikzlibraryshapes.geometric.code.tex 2021/05/15 v3.1.9a (3.1.9a)

(/usr/local/texlive/2021/texmf-dist/tex/generic/pgf/libraries/shapes/pgflibrary
shapes.geometric.code.tex
File: pgflibraryshapes.geometric.code.tex 2021/05/15 v3.1.9a (3.1.9a)
))
\pgf@layerbox@edgelayer=\box147
\pgf@layerboxsaved@edgelayer=\box148
\pgf@layerbox@nodelayer=\box149
\pgf@layerboxsaved@nodelayer=\box150
\pgf@layerbox@connectionlayers=\box151
\pgf@layerboxsaved@connectionlayers=\box152
 (/usr/local/texlive/texmf-local/tex/weiwBTree.sty
Package: weiwBTree 

Document Style `weiw_BTree - Support drawing B+-Tree (ver 0.999)

(/usr/local/texlive/2021/texmf-dist/tex/generic/pgf/frontendlayer/tikz/librarie
s/tikzlibraryshapes.code.tex
File: tikzlibraryshapes.code.tex 2021/05/15 v3.1.9a (3.1.9a)

(/usr/local/texlive/2021/texmf-dist/tex/generic/pgf/frontendlayer/tikz/librarie
s/tikzlibraryshapes.misc.code.tex
File: tikzlibraryshapes.misc.code.tex 2021/05/15 v3.1.9a (3.1.9a)

(/usr/local/texlive/2021/texmf-dist/tex/generic/pgf/libraries/shapes/pgflibrary
shapes.misc.code.tex
File: pgflibraryshapes.misc.code.tex 2021/05/15 v3.1.9a (3.1.9a)
))
(/usr/local/texlive/2021/texmf-dist/tex/generic/pgf/frontendlayer/tikz/librarie
s/tikzlibraryshapes.symbols.code.tex
File: tikzlibraryshapes.symbols.code.tex 2021/05/15 v3.1.9a (3.1.9a)

(/usr/local/texlive/2021/texmf-dist/tex/generic/pgf/libraries/shapes/pgflibrary
shapes.symbols.code.tex
File: pgflibraryshapes.symbols.code.tex 2021/05/15 v3.1.9a (3.1.9a)
))
(/usr/local/texlive/2021/texmf-dist/tex/generic/pgf/frontendlayer/tikz/librarie
s/tikzlibraryshapes.arrows.code.tex
File: tikzlibraryshapes.arrows.code.tex 2021/05/15 v3.1.9a (3.1.9a)

(/usr/local/texlive/2021/texmf-dist/tex/generic/pgf/libraries/shapes/pgflibrary
shapes.arrows.code.tex
File: pgflibraryshapes.arrows.code.tex 2021/05/15 v3.1.9a (3.1.9a)
))
(/usr/local/texlive/2021/texmf-dist/tex/generic/pgf/frontendlayer/tikz/librarie
s/tikzlibraryshapes.callouts.code.tex
(/usr/local/texlive/2021/texmf-dist/tex/generic/pgf/libraries/shapes/pgflibrary
shapes.callouts.code.tex)))
(/usr/local/texlive/2021/texmf-dist/tex/generic/pgf/frontendlayer/tikz/librarie
s/tikzlibrarysnakes.code.tex
File: tikzlibrarysnakes.code.tex 2021/05/15 v3.1.9a (3.1.9a)


Package pgf Warning: Snakes have been superseded by decorations. Please use the
 decoration libraries instead of the snakes library on input line 14.


(/usr/local/texlive/2021/texmf-dist/tex/generic/pgf/frontendlayer/tikz/librarie
s/tikzlibrarydecorations.pathmorphing.code.tex
(/usr/local/texlive/2021/texmf-dist/tex/generic/pgf/libraries/decorations/pgfli
brarydecorations.pathmorphing.code.tex))
(/usr/local/texlive/2021/texmf-dist/tex/generic/pgf/frontendlayer/tikz/librarie
s/tikzlibrarydecorations.pathreplacing.code.tex
(/usr/local/texlive/2021/texmf-dist/tex/generic/pgf/libraries/decorations/pgfli
brarydecorations.pathreplacing.code.tex))
(/usr/local/texlive/2021/texmf-dist/tex/generic/pgf/frontendlayer/tikz/librarie
s/tikzlibrarydecorations.shapes.code.tex
(/usr/local/texlive/2021/texmf-dist/tex/generic/pgf/libraries/decorations/pgfli
brarydecorations.shapes.code.tex)))
(/usr/local/texlive/2021/texmf-dist/tex/generic/pgf/frontendlayer/tikz/librarie
s/tikzlibrarymatrix.code.tex
File: tikzlibrarymatrix.code.tex 2021/05/15 v3.1.9a (3.1.9a)
)))
(/usr/local/texlive/2021/texmf-dist/tex/latex/booktabs/booktabs.sty
Package: booktabs 2020/01/12 v1.61803398 Publication quality tables
\heavyrulewidth=\dimen285
\lightrulewidth=\dimen286
\cmidrulewidth=\dimen287
\belowrulesep=\dimen288
\belowbottomsep=\dimen289
\aboverulesep=\dimen290
\abovetopsep=\dimen291
\cmidrulesep=\dimen292
\cmidrulekern=\dimen293
\defaultaddspace=\dimen294
\@cmidla=\count338
\@cmidlb=\count339
\@aboverulesep=\dimen295
\@belowrulesep=\dimen296
\@thisruleclass=\count340
\@lastruleclass=\count341
\@thisrulewidth=\dimen297
)
(/usr/local/texlive/2021/texmf-dist/tex/latex/tools/longtable.sty
Package: longtable 2021-05-07 v4.16 Multi-page Table package (DPC)
\LTleft=\skip121
\LTright=\skip122
\LTpre=\skip123
\LTpost=\skip124
\LTchunksize=\count342
\LTcapwidth=\dimen298
\LT@head=\box153
\LT@firsthead=\box154
\LT@foot=\box155
\LT@lastfoot=\box156
\LT@gbox=\box157
\LT@cols=\count343
\LT@rows=\count344
\c@LT@tables=\count345
\c@LT@chunks=\count346
\LT@p@ftn=\toks33
)
(/usr/local/texlive/2021/texmf-dist/tex/latex/tools/array.sty
Package: array 2021/04/20 v2.5e Tabular extension package (FMi)
\col@sep=\dimen299
\ar@mcellbox=\box158
\extrarowheight=\dimen300
\NC@list=\toks34
\extratabsurround=\skip125
\backup@length=\skip126
\ar@cellbox=\box159
)
(/usr/local/texlive/2021/texmf-dist/tex/latex/colortbl/colortbl.sty
Package: colortbl 2020/01/04 v1.0e Color table columns (DPC)
\everycr=\toks35
\minrowclearance=\skip127
)
(/usr/local/texlive/texmf-local/tex/fontsettings-fbb.tex
(/usr/local/texlive/2021/texmf-dist/tex/latex/metalogo/metalogo.sty
Package: metalogo 2010/05/29 v0.12 Extended TeX logo macros

(/usr/local/texlive/2021/texmf-dist/tex/generic/iftex/ifxetex.sty
Package: ifxetex 2019/10/25 v0.7 ifxetex legacy package. Use iftex instead.
)
\xl@everylogo=\toks36
\xl@@everylogo=\toks37
LaTeX Info: Redefining \TeX on input line 193.
LaTeX Info: Redefining \LaTeX on input line 202.
LaTeX Info: Redefining \LaTeXe on input line 219.
)
(/usr/local/texlive/2021/texmf-dist/tex/latex/psnfss/pifont.sty
Package: pifont 2020/03/25 PSNFSS-v9.3 Pi font support (SPQR) 
LaTeX Font Info:    Trying to load font information for U+pzd on input line 63.


(/usr/local/texlive/2021/texmf-dist/tex/latex/psnfss/upzd.fd
File: upzd.fd 2001/06/04 font definitions for U/pzd.
)
LaTeX Font Info:    Trying to load font information for U+psy on input line 64.


(/usr/local/texlive/2021/texmf-dist/tex/latex/psnfss/upsy.fd
File: upsy.fd 2001/06/04 font definitions for U/psy.
))
(/usr/local/texlive/2021/texmf-dist/tex/latex/fbb/fbb.sty
Package: fbb 2020/07/01 v1.16 Style file for fbb fonts.

`fbb' v1.16, 2020/07/01 Text macros for fbb, a Bembo-like font family (msharpe)
(/usr/local/texlive/2021/texmf-dist/tex/latex/base/fontenc.sty
Package: fontenc 2021/04/29 v2.0v Standard LaTeX package

(/usr/local/texlive/2021/texmf-dist/tex/latex/ly1/ly1enc.def
File: ly1enc.def 2009/07/22 v0.7 TeX 'n ANSI encoding (DPC/KB)
)
LaTeX Font Info:    Trying to load font information for T1+lmr on input line 11
2.

(/usr/local/texlive/2021/texmf-dist/tex/latex/lm/t1lmr.fd
File: t1lmr.fd 2015/05/01 v1.6.1 Font defs for Latin Modern
))
(/usr/local/texlive/2021/texmf-dist/tex/generic/iftex/ifetex.sty
Package: ifetex 2019/10/25 v1.3 ifetex legacy package. Use iftex instead.
)
(/usr/local/texlive/2021/texmf-dist/tex/generic/xstring/xstring.sty
(/usr/local/texlive/2021/texmf-dist/tex/generic/xstring/xstring.tex
\integerpart=\count347
\decimalpart=\count348
)
Package: xstring 2021/07/21 v1.84 String manipulations (CT)
)
(/usr/local/texlive/2021/texmf-dist/tex/latex/fontaxes/fontaxes.sty
Package: fontaxes 2020/07/21 v1.0e Font selection axes
LaTeX Info: Redefining \upshape on input line 29.
LaTeX Info: Redefining \itshape on input line 31.
LaTeX Info: Redefining \slshape on input line 33.
LaTeX Info: Redefining \swshape on input line 35.
LaTeX Info: Redefining \scshape on input line 37.
LaTeX Info: Redefining \sscshape on input line 39.
LaTeX Info: Redefining \ulcshape on input line 41.
LaTeX Info: Redefining \textsw on input line 47.
LaTeX Info: Redefining \textssc on input line 48.
LaTeX Info: Redefining \textulc on input line 49.
)
LaTeX Info: Redefining \swshape on input line 41.

(/usr/local/texlive/2021/texmf-dist/tex/latex/xkeyval/xkeyval.sty
Package: xkeyval 2020/11/20 v2.8 package option processing (HA)

(/usr/local/texlive/2021/texmf-dist/tex/generic/xkeyval/xkeyval.tex
(/usr/local/texlive/2021/texmf-dist/tex/generic/xkeyval/xkvutils.tex
\XKV@toks=\toks38
\XKV@tempa@toks=\toks39
)
\XKV@depth=\count349
File: xkeyval.tex 2014/12/03 v2.7a key=value parser (HA)
)))
(/usr/local/texlive/2021/texmf-dist/tex/latex/cabin/cabin.sty
Package: cabin 2020/07/18 (Bob Tennent) Supports Cabin fonts for all LaTeX engi
nes.

(/usr/local/texlive/2021/texmf-dist/tex/generic/iftex/ifluatex.sty
Package: ifluatex 2019/10/25 v1.5 ifluatex legacy package. Use iftex instead.
)
(/usr/local/texlive/2021/texmf-dist/tex/latex/base/fontenc.sty
Package: fontenc 2021/04/29 v2.0v Standard LaTeX package
LaTeX Font Info:    Trying to load font information for T1+fbb-TLF on input lin
e 112.

(/usr/local/texlive/2021/texmf-dist/tex/latex/fbb/T1fbb-TLF.fd
File: T1fbb-TLF.fd 2020/07/01 (msharpe) Font definitions for T1/fbb-TLF.
)
LaTeX Font Info:    Font shape `T1/fbb-TLF/m/n' will be
(Font)              scaled to size 12.0pt on input line 112.
))
(/usr/local/texlive/2021/texmf-dist/tex/latex/zlmtt/zlmtt.sty
Package: zlmtt 2019/06/11 v1.02 Alternate support package for Latin Modern Type
Writer
)
(/usr/local/texlive/2021/texmf-dist/tex/latex/base/fontenc.sty
Package: fontenc 2021/04/29 v2.0v Standard LaTeX package
)
(/usr/local/texlive/2021/texmf-dist/tex/latex/newtx/newtxmath.sty
Package: newtxmath 2021/06/01 v1.655

`newtxmath' v1.655, 2021/06/01 Math macros based originally on txfonts (msharpe
) (/usr/local/texlive/2021/texmf-dist/tex/latex/amsmath/amsmath.sty
Package: amsmath 2021/04/20 v2.17j AMS math features
\@mathmargin=\skip128

For additional information on amsmath, use the `?' option.
(/usr/local/texlive/2021/texmf-dist/tex/latex/amsmath/amstext.sty
Package: amstext 2000/06/29 v2.01 AMS text

(/usr/local/texlive/2021/texmf-dist/tex/latex/amsmath/amsgen.sty
File: amsgen.sty 1999/11/30 v2.0 generic functions
\@emptytoks=\toks40
\ex@=\dimen301
))
(/usr/local/texlive/2021/texmf-dist/tex/latex/amsmath/amsbsy.sty
Package: amsbsy 1999/11/29 v1.2d Bold Symbols
\pmbraise@=\dimen302
)
(/usr/local/texlive/2021/texmf-dist/tex/latex/amsmath/amsopn.sty
Package: amsopn 2016/03/08 v2.02 operator names
)
\inf@bad=\count350
LaTeX Info: Redefining \frac on input line 236.
\uproot@=\count351
\leftroot@=\count352
LaTeX Info: Redefining \overline on input line 399.
\classnum@=\count353
\DOTSCASE@=\count354
LaTeX Info: Redefining \ldots on input line 496.
LaTeX Info: Redefining \dots on input line 499.
LaTeX Info: Redefining \cdots on input line 620.
\Mathstrutbox@=\box160
\strutbox@=\box161
\big@size=\dimen303
LaTeX Font Info:    Redeclaring font encoding OML on input line 743.
LaTeX Font Info:    Redeclaring font encoding OMS on input line 744.
\macc@depth=\count355
\c@MaxMatrixCols=\count356
\dotsspace@=\muskip17
\c@parentequation=\count357
\dspbrk@lvl=\count358
\tag@help=\toks41
\row@=\count359
\column@=\count360
\maxfields@=\count361
\andhelp@=\toks42
\eqnshift@=\dimen304
\alignsep@=\dimen305
\tagshift@=\dimen306
\tagwidth@=\dimen307
\totwidth@=\dimen308
\lineht@=\dimen309
\@envbody=\toks43
\multlinegap=\skip129
\multlinetaggap=\skip130
\mathdisplay@stack=\toks44
LaTeX Info: Redefining \[ on input line 2923.
LaTeX Info: Redefining \] on input line 2924.
)
(/usr/local/texlive/2021/texmf-dist/tex/latex/oberdiek/centernot.sty
Package: centernot 2016/05/16 v1.4 Centers the not symbol horizontally (HO)
)
\tx@cntz=\count362

(/usr/local/texlive/2021/texmf-dist/tex/generic/kastrup/binhex.tex)
\tx@Isdigit=\count363
\tx@IsAlNum=\count364
\tx@tA=\toks45
\tx@tB=\toks46
\tx@su=\read3
LaTeX Font Info:    Redeclaring symbol font `operators' on input line 360.
LaTeX Font Info:    Overwriting symbol font `operators' in version `normal'
(Font)                  OT1/cmr/m/n --> OT1/fbb-TLF/m/n on input line 360.
LaTeX Font Info:    Overwriting symbol font `operators' in version `bold'
(Font)                  OT1/cmr/bx/n --> OT1/fbb-TLF/m/n on input line 360.
LaTeX Font Info:    Overwriting symbol font `operators' in version `bold'
(Font)                  OT1/fbb-TLF/m/n --> OT1/fbb-TLF/b/n on input line 361.
LaTeX Font Info:    Redeclaring math alphabet \mathsf on input line 369.
LaTeX Font Info:    Overwriting math alphabet `\mathsf' in version `normal'
(Font)                  OT1/cmss/m/n --> T1/Cabin-TLF/m/n on input line 369.
LaTeX Font Info:    Overwriting math alphabet `\mathsf' in version `bold'
(Font)                  OT1/cmss/bx/n --> T1/Cabin-TLF/m/n on input line 369.
LaTeX Font Info:    Redeclaring math alphabet \mathit on input line 370.
LaTeX Font Info:    Overwriting math alphabet `\mathit' in version `normal'
(Font)                  OT1/cmr/m/it --> OT1/fbb-TLF/m/it on input line 370.
LaTeX Font Info:    Overwriting math alphabet `\mathit' in version `bold'
(Font)                  OT1/cmr/bx/it --> OT1/fbb-TLF/m/it on input line 370.
LaTeX Font Info:    Redeclaring math alphabet \mathtt on input line 371.
LaTeX Font Info:    Overwriting math alphabet `\mathtt' in version `normal'
(Font)                  OT1/cmtt/m/n --> T1/zlmtt/m/n on input line 371.
LaTeX Font Info:    Overwriting math alphabet `\mathtt' in version `bold'
(Font)                  OT1/cmtt/m/n --> T1/zlmtt/m/n on input line 371.
LaTeX Font Info:    Redeclaring math alphabet \mathbf on input line 373.
LaTeX Font Info:    Overwriting math alphabet `\mathbf' in version `normal'
(Font)                  OT1/cmr/bx/n --> OT1/fbb-TLF/b/n on input line 373.
LaTeX Font Info:    Overwriting math alphabet `\mathbf' in version `bold'
(Font)                  OT1/cmr/bx/n --> OT1/fbb-TLF/b/n on input line 373.
LaTeX Font Info:    Overwriting math alphabet `\mathit' in version `bold'
(Font)                  OT1/fbb-TLF/m/it --> OT1/fbb-TLF/b/it on input line 374
.
LaTeX Font Info:    Overwriting math alphabet `\mathsf' in version `bold'
(Font)                  T1/Cabin-TLF/m/n --> T1/Cabin-TLF/b/n on input line 375
.
LaTeX Font Info:    Overwriting math alphabet `\mathtt' in version `bold'
(Font)                  T1/zlmtt/m/n --> T1/zlmtt/b/n on input line 376.
LaTeX Font Info:    Redeclaring symbol font `letters' on input line 393.
LaTeX Font Info:    Overwriting symbol font `letters' in version `normal'
(Font)                  OML/cmm/m/it --> OML/nxlmi/m/it on input line 393.
LaTeX Font Info:    Overwriting symbol font `letters' in version `bold'
(Font)                  OML/cmm/b/it --> OML/nxlmi/m/it on input line 393.
LaTeX Font Info:    Overwriting symbol font `letters' in version `bold'
(Font)                  OML/nxlmi/m/it --> OML/nxlmi/b/it on input line 394.
\symlettersA=\mathgroup4
LaTeX Font Info:    Overwriting symbol font `lettersA' in version `bold'
(Font)                  U/ntxmia/m/it --> U/ntxmia/b/it on input line 533.
LaTeX Font Info:    Redeclaring symbol font `symbols' on input line 554.
LaTeX Font Info:    Encoding `OMS' has changed to `LMS' for symbol font
(Font)              `symbols' in the math version `normal' on input line 554.
LaTeX Font Info:    Overwriting symbol font `symbols' in version `normal'
(Font)                  OMS/cmsy/m/n --> LMS/ntxsy/m/n on input line 554.
LaTeX Font Info:    Encoding `OMS' has changed to `LMS' for symbol font
(Font)              `symbols' in the math version `bold' on input line 554.
LaTeX Font Info:    Overwriting symbol font `symbols' in version `bold'
(Font)                  OMS/cmsy/b/n --> LMS/ntxsy/m/n on input line 554.
LaTeX Font Info:    Overwriting symbol font `symbols' in version `bold'
(Font)                  LMS/ntxsy/m/n --> LMS/ntxsy/b/n on input line 555.
\symAMSm=\mathgroup5
LaTeX Font Info:    Overwriting symbol font `AMSm' in version `bold'
(Font)                  U/ntxsym/m/n --> U/ntxsym/b/n on input line 580.
\symsymbolsC=\mathgroup6
LaTeX Font Info:    Overwriting symbol font `symbolsC' in version `bold'
(Font)                  U/ntxsyc/m/n --> U/ntxsyc/b/n on input line 601.
LaTeX Font Info:    Redeclaring symbol font `largesymbols' on input line 614.
LaTeX Font Info:    Encoding `OMX' has changed to `LMX' for symbol font
(Font)              `largesymbols' in the math version `normal' on input line 6
14.
LaTeX Font Info:    Overwriting symbol font `largesymbols' in version `normal'
(Font)                  OMX/cmex/m/n --> LMX/ntxexx/m/n on input line 614.
LaTeX Font Info:    Encoding `OMX' has changed to `LMX' for symbol font
(Font)              `largesymbols' in the math version `bold' on input line 614
.
LaTeX Font Info:    Overwriting symbol font `largesymbols' in version `bold'
(Font)                  OMX/cmex/m/n --> LMX/ntxexx/m/n on input line 614.
LaTeX Font Info:    Overwriting symbol font `largesymbols' in version `bold'
(Font)                  LMX/ntxexx/m/n --> LMX/ntxexx/b/n on input line 615.
\symlargesymbolsTXA=\mathgroup7
LaTeX Font Info:    Overwriting symbol font `largesymbolsTXA' in version `bold'

(Font)                  U/ntxexa/m/n --> U/ntxexa/b/n on input line 629.
\tx@sbptoks=\toks47
LaTeX Font Info:    Redeclaring math delimiter \lfloor on input line 852.
LaTeX Font Info:    Redeclaring math delimiter \rfloor on input line 853.
LaTeX Font Info:    Redeclaring math delimiter \lceil on input line 854.
LaTeX Font Info:    Redeclaring math delimiter \rceil on input line 855.
LaTeX Font Info:    Redeclaring math delimiter \lbrace on input line 856.
LaTeX Font Info:    Redeclaring math delimiter \rbrace on input line 857.
LaTeX Font Info:    Redeclaring math delimiter \langle on input line 858.
LaTeX Font Info:    Redeclaring math delimiter \rangle on input line 860.
LaTeX Font Info:    Redeclaring math delimiter \arrowvert on input line 864.
LaTeX Font Info:    Redeclaring math delimiter \vert on input line 865.
LaTeX Font Info:    Redeclaring math symbol \hbar on input line 911.
LaTeX Font Info:    Redeclaring math accent \dot on input line 936.
LaTeX Font Info:    Redeclaring math accent \ddot on input line 937.
LaTeX Font Info:    Redeclaring math accent \vec on input line 2000.
LaTeX Info: Redefining \Bbbk on input line 2788.
LaTeX Info: Redefining \not on input line 2937.
)
(/usr/local/texlive/2021/texmf-dist/tex/latex/mathalpha/mathalfa.sty)
(/usr/local/texlive/2021/texmf-dist/tex/latex/mathalpha/mathalpha.sty
Package: mathalpha 2019/10/05 - 1.13mathalpha (License LPPL) Michael Sharpe

`mathalpha' v1.13, 2019/10/05, a renaming of mathalfa (msharpe)
LaTeX Font Info:    Overwriting math alphabet `\mathbb' in version `bold'
(Font)                  U/BOONDOX-ds/m/n --> U/BOONDOX-ds/b/n on input line 142
.
LaTeX Font Info:    Redeclaring math alphabet \mathcal on input line 297.
LaTeX Font Info:    Overwriting math alphabet `\mathcal' in version `bold'
(Font)                  U/BOONDOX-calo/m/n --> U/BOONDOX-calo/b/n on input line
 298.
LaTeX Font Info:    Overwriting math alphabet `\mathfrak' in version `bold'
(Font)                  U/BOONDOX-frak/m/n --> U/BOONDOX-frak/b/n on input line
 417.
))
(/usr/local/texlive/2021/texmf-dist/tex/latex/menukeys/menukeys.sty
Package: menukeys 2020/12/19 v1.6.1 -- A package to format menus, paths and sho
rtcuts

(/usr/local/texlive/2021/texmf-dist/tex/generic/pgf/frontendlayer/tikz/librarie
s/tikzlibrarycalc.code.tex
File: tikzlibrarycalc.code.tex 2021/05/15 v3.1.9a (3.1.9a)
)
(/usr/local/texlive/2021/texmf-dist/tex/generic/pgf/frontendlayer/tikz/librarie
s/tikzlibraryshadows.code.tex
File: tikzlibraryshadows.code.tex 2021/05/15 v3.1.9a (3.1.9a)

(/usr/local/texlive/2021/texmf-dist/tex/generic/pgf/frontendlayer/tikz/librarie
s/tikzlibraryfadings.code.tex
File: tikzlibraryfadings.code.tex 2021/05/15 v3.1.9a (3.1.9a)

(/usr/local/texlive/2021/texmf-dist/tex/generic/pgf/libraries/pgflibraryfadings
.code.tex
File: pgflibraryfadings.code.tex 2021/05/15 v3.1.9a (3.1.9a)
)))
(/usr/local/texlive/2021/texmf-dist/tex/latex/adjustbox/adjustbox.sty
Package: adjustbox 2020/08/19 v1.3 Adjusting TeX boxes (trim, clip, ...)

(/usr/local/texlive/2021/texmf-dist/tex/latex/adjustbox/adjcalc.sty
Package: adjcalc 2012/05/16 v1.1 Provides advanced setlength with multiple back
-ends (calc, etex, pgfmath)
)
(/usr/local/texlive/2021/texmf-dist/tex/latex/adjustbox/trimclip.sty
Package: trimclip 2020/08/19 v1.2 Trim and clip general TeX material

(/usr/local/texlive/2021/texmf-dist/tex/latex/collectbox/collectbox.sty
Package: collectbox 2012/05/17 v0.4b Collect macro arguments as boxes
\collectedbox=\box162
)
\tc@llx=\dimen310
\tc@lly=\dimen311
\tc@urx=\dimen312
\tc@ury=\dimen313

(/usr/local/texlive/2021/texmf-dist/tex/latex/adjustbox/tc-pgf.def
File: tc-pgf.def 2019/01/04 v2.2 trimclip fall-back clipping driver using PGF
)
Package trimclip Info: No clipping driver 'tc-luatex.def' available.
(trimclip)             Using fall-back PGF driver.
)
\adjbox@Width=\dimen314
\adjbox@Height=\dimen315
\adjbox@Depth=\dimen316
\adjbox@Totalheight=\dimen317
\adjbox@pwidth=\dimen318
\adjbox@pheight=\dimen319
\adjbox@pdepth=\dimen320
\adjbox@ptotalheight=\dimen321

(/usr/local/texlive/2021/texmf-dist/tex/latex/ifoddpage/ifoddpage.sty
Package: ifoddpage 2016/04/23 v1.1 Conditionals for odd/even page detection
\c@checkoddpage=\count365
)
(/usr/local/texlive/2021/texmf-dist/tex/latex/varwidth/varwidth.sty
Package: varwidth 2009/03/30 ver 0.92;  Variable-width minipages
\@vwid@box=\box163
\sift@deathcycles=\count366
\@vwid@loff=\dimen322
\@vwid@roff=\dimen323
))
(/usr/local/texlive/2021/texmf-dist/tex/latex/relsize/relsize.sty
Package: relsize 2013/03/29 ver 4.1
)
\l__twmk_indris_int=\count367
\c@tw@hyphen@char@num=\count368
)
(/usr/local/texlive/texmf-local/tex/dbnotation.tex
(/usr/local/texlive/2021/texmf-dist/tex/latex/ragged2e/ragged2e.sty
Package: ragged2e 2021/02/05 v3.0 ragged2e Package
\CenteringLeftskip=\skip131
\RaggedLeftLeftskip=\skip132
\RaggedRightLeftskip=\skip133
\CenteringRightskip=\skip134
\RaggedLeftRightskip=\skip135
\RaggedRightRightskip=\skip136
\CenteringParfillskip=\skip137
\RaggedLeftParfillskip=\skip138
\RaggedRightParfillskip=\skip139
\JustifyingParfillskip=\skip140
\CenteringParindent=\skip141
\RaggedLeftParindent=\skip142
\RaggedRightParindent=\skip143
\JustifyingParindent=\skip144
)
(/usr/local/texlive/2021/texmf-dist/tex/generic/soul/soul.sty
Package: soul 2003/11/17 v2.4 letterspacing/underlining (mf)
\SOUL@word=\toks48
\SOUL@lasttoken=\toks49
\SOUL@cmds=\toks50
\SOUL@buffer=\toks51
\SOUL@token=\toks52
\SOUL@spaceskip=\skip145
\SOUL@ttwidth=\dimen324
\SOUL@uldp=\dimen325
\SOUL@ulht=\dimen326
)
(/usr/local/texlive/texmf-local/tex/tikz-er-crowsfoot.sty
Package: tikz-er-crowsfoot 
\arrowsize=\dimen327
))
(/usr/local/texlive/texmf-local/tex/widths.tex
\photowidth=\skip146
\portraitwidth=\skip147
\verynarrowwidth=\skip148
\narrowwidth=\skip149
\sqrwidth=\skip150
\beyondsqrwidth=\skip151
\nearlylandscapewidth=\skip152
\landscapewidth=\skip153
)
(/usr/local/texlive/texmf-local/tex/miscsettings.tex
(/usr/local/texlive/2021/texmf-dist/tex/latex/wasysym/wasysym.sty
Package: wasysym 2020/01/19 v2.4 Wasy-2 symbol support package
\symwasy=\mathgroup8
LaTeX Font Info:    Overwriting symbol font `wasy' in version `bold'
(Font)                  U/wasy/m/n --> U/wasy/b/n on input line 93.
)
(/usr/local/texlive/2021/texmf-dist/tex/latex/caption/caption.sty
Package: caption 2020/10/26 v3.5g Customizing captions (AR)

(/usr/local/texlive/2021/texmf-dist/tex/latex/caption/caption3.sty
Package: caption3 2020/10/21 v2.2e caption3 kernel (AR)
\captionmargin=\dimen328
\captionmargin@=\dimen329
\captionwidth=\dimen330
\caption@tempdima=\dimen331
\caption@indent=\dimen332
\caption@parindent=\dimen333
\caption@hangindent=\dimen334
Package caption Info: Standard document class detected.
)
\c@caption@flags=\count369
\c@continuedfloat=\count370
Package caption Info: hyperref package is loaded.
Package caption Info: listings package is loaded.
Package caption Info: longtable package is loaded.

(/usr/local/texlive/2021/texmf-dist/tex/latex/caption/ltcaption.sty
Package: ltcaption 2020/05/30 v1.4b longtable captions (AR)
)))
(/usr/local/texlive/2021/texmf-dist/tex/latex/tools/calc.sty
Package: calc 2017/05/25 v4.3 Infix arithmetic (KKT,FJ)
\calc@Acount=\count371
\calc@Bcount=\count372
\calc@Adimen=\dimen335
\calc@Bdimen=\dimen336
\calc@Askip=\skip154
\calc@Bskip=\skip155
LaTeX Info: Redefining \setlength on input line 80.
LaTeX Info: Redefining \addtolength on input line 81.
\calc@Ccount=\count373
\calc@Cskip=\skip156
)
(/usr/local/texlive/2021/texmf-dist/tex/latex/framed/framed.sty
Package: framed 2011/10/22 v 0.96: framed or shaded text with page breaks
\OuterFrameSep=\skip157
\fb@frw=\dimen337
\fb@frh=\dimen338
\FrameRule=\dimen339
\FrameSep=\dimen340
)
(/usr/local/texlive/2021/texmf-dist/tex/latex/preview/preview.sty
Package: preview 2017/04/24 12.3 (AUCTeX/preview-latex)

(/usr/local/texlive/2021/texmf-dist/tex/generic/luatex85/luatex85.sty
Package: luatex85 2016/06/15 v1.4 pdftex aliases for luatex
)
(/usr/local/texlive/2021/texmf-dist/tex/latex/preview/prtightpage.def
\PreviewBorder=\dimen341
))
(/usr/local/texlive/texmf-local/tex/pandocSyntax.tex
(/usr/local/texlive/2021/texmf-dist/tex/latex/fancyvrb/fancyvrb.sty
Package: fancyvrb 2021/08/12 v3.8 verbatim text (tvz,hv)
\FV@CodeLineNo=\count374
\FV@InFile=\read4
\FV@TabBox=\box164
\c@FancyVerbLine=\count375
\FV@StepNumber=\count376
\FV@OutFile=\write4
))
\cslhangindent=\skip158

(/usr/local/texlive/2021/texmf-dist/tex/latex/bookmark/bookmark.sty
Package: bookmark 2020-11-06 v1.29 PDF bookmarks (HO)

(/usr/local/texlive/2021/texmf-dist/tex/latex/bookmark/bkm-pdftex.def
File: bkm-pdftex.def 2020-11-06 v1.29 bookmark driver for pdfTeX (HO)
\BKM@id=\count377
))
LaTeX Font Info:    Trying to load font information for T1+fbb-OsF on input lin
e 90.

(/usr/local/texlive/2021/texmf-dist/tex/latex/fbb/T1fbb-OsF.fd
File: T1fbb-OsF.fd 2020/07/01 (msharpe) Font definitions for T1/fbb-OsF.
)
LaTeX Font Info:    Font shape `T1/fbb-OsF/m/n' will be
(Font)              scaled to size 12.0pt on input line 90.
 (./book.aux)
\openout1 = book.aux

LaTeX Font Info:    Checking defaults for OML/nxlmi/m/it on input line 90.
LaTeX Font Info:    Trying to load font information for OML+nxlmi on input line
 90.

(/usr/local/texlive/2021/texmf-dist/tex/latex/newtx/omlnxlmi.fd
File: omlnxlmi.fd 2013/11/19 Fontinst v1.933 font definitions for OML/nxlmi.
)
LaTeX Font Info:    ... okay on input line 90.
LaTeX Font Info:    Checking defaults for OMS/cmsy/m/n on input line 90.
LaTeX Font Info:    ... okay on input line 90.
LaTeX Font Info:    Checking defaults for OT1/cmr/m/n on input line 90.
LaTeX Font Info:    ... okay on input line 90.
LaTeX Font Info:    Checking defaults for T1/cmr/m/n on input line 90.
LaTeX Font Info:    ... okay on input line 90.
LaTeX Font Info:    Checking defaults for TS1/cmr/m/n on input line 90.
LaTeX Font Info:    Trying to load font information for TS1+cmr on input line 9
0.

(/usr/local/texlive/2021/texmf-dist/tex/latex/base/ts1cmr.fd
File: ts1cmr.fd 2019/12/16 v2.5j Standard LaTeX font definitions
)
LaTeX Font Info:    ... okay on input line 90.
LaTeX Font Info:    Checking defaults for TU/lmr/m/n on input line 90.
LaTeX Font Info:    ... okay on input line 90.
LaTeX Font Info:    Checking defaults for OMX/cmex/m/n on input line 90.
LaTeX Font Info:    ... okay on input line 90.
LaTeX Font Info:    Checking defaults for U/ntxexa/m/n on input line 90.
LaTeX Font Info:    Trying to load font information for U+ntxexa on input line 
90.

(/usr/local/texlive/2021/texmf-dist/tex/latex/newtx/untxexa.fd
File: untxexa.fd 2012/04/16 Fontinst v1.933 font definitions for U/ntxexa.
)
LaTeX Font Info:    ... okay on input line 90.
LaTeX Font Info:    Checking defaults for PD1/pdf/m/n on input line 90.
LaTeX Font Info:    ... okay on input line 90.
LaTeX Font Info:    Checking defaults for PU/pdf/m/n on input line 90.
LaTeX Font Info:    ... okay on input line 90.
LaTeX Font Info:    Checking defaults for LY1/ptm/m/n on input line 90.
LaTeX Font Info:    Trying to load font information for LY1+ptm on input line 9
0.

(/usr/local/texlive/2021/texmf-dist/tex/latex/ly1/ly1ptm.fd
File: ly1ptm.fd 2001/02/01 font definitions for LY1/ptm using Berry names.
)
LaTeX Font Info:    ... okay on input line 90.
LaTeX Font Info:    Checking defaults for LMS/ntxsy/m/n on input line 90.
LaTeX Font Info:    Trying to load font information for LMS+ntxsy on input line
 90.

(/usr/local/texlive/2021/texmf-dist/tex/latex/newtx/lmsntxsy.fd
File: lmsntxsy.fd 2016/07/02 Fontinst v1.933 font definitions for LMS/ntxsy.
)
LaTeX Font Info:    ... okay on input line 90.
LaTeX Font Info:    Checking defaults for LMX/ntxexx/m/n on input line 90.
LaTeX Font Info:    Trying to load font information for LMX+ntxexx on input lin
e 90.

(/usr/local/texlive/2021/texmf-dist/tex/latex/newtx/lmxntxexx.fd
File: lmxntxexx.fd 2016/07/03 Fontinst v1.933 font definitions for LMX/ntxexx.
)
LaTeX Font Info:    ... okay on input line 90.
Inserting `tagpdf' at position 1 in `pre_shipout_filter'.
Inserting `tagpdf' at position 2 in `pre_shipout_filter'.
(/usr/local/texlive/2021/texmf-dist/tex/context/base/mkii/supp-pdf.mkii
[Loading MPS to PDF converter (version 2006.09.02).]
\scratchcounter=\count378
\scratchdimen=\dimen342
\scratchbox=\box165
\nofMPsegments=\count379
\nofMParguments=\count380
\everyMPshowfont=\toks53
\MPscratchCnt=\count381
\MPscratchDim=\dimen343
\MPnumerator=\count382
\makeMPintoPDFobject=\count383
\everyMPtoPDFconversion=\toks54
) (/usr/local/texlive/2021/texmf-dist/tex/latex/epstopdf-pkg/epstopdf-base.sty
Package: epstopdf-base 2020-01-24 v2.11 Base part for package epstopdf
Package epstopdf-base Info: Redefining graphics rule for `.eps' on input line 4
85.

(/usr/local/texlive/2021/texmf-dist/tex/latex/latexconfig/epstopdf-sys.cfg
File: epstopdf-sys.cfg 2010/07/13 v1.3 Configuration of (r)epstopdf for TeX Liv
e
))
Package hyperref Info: Link coloring ON on input line 90.

(/usr/local/texlive/2021/texmf-dist/tex/latex/hyperref/nameref.sty
Package: nameref 2021-04-02 v2.47 Cross-referencing by name of section

(/usr/local/texlive/2021/texmf-dist/tex/latex/refcount/refcount.sty
Package: refcount 2019/12/15 v3.6 Data extraction from label references (HO)
)
(/usr/local/texlive/2021/texmf-dist/tex/generic/gettitlestring/gettitlestring.s
ty
Package: gettitlestring 2019/12/15 v1.6 Cleanup title references (HO)
)
\c@section@level=\count384
)
LaTeX Info: Redefining \ref on input line 90.
LaTeX Info: Redefining \pageref on input line 90.
LaTeX Info: Redefining \nameref on input line 90.

*geometry* driver: auto-detecting
*geometry* detected driver: luatex
*geometry* verbose mode - [ preamble ] result:
* driver: luatex
* paper: custom
* layout: <same size as paper>
* layoutoffset:(h,v)=(0.0pt,0.0pt)
* modes: 
* h-part:(L,W,R)=(45.16875pt, 307.14749pt, 45.16875pt)
* v-part:(T,H,B)=(43.362pt, 505.89pt, 65.043pt)
* \paperwidth=397.48499pt
* \paperheight=614.295pt
* \textwidth=307.14749pt
* \textheight=505.89pt
* \oddsidemargin=-27.10124pt
* \evensidemargin=-27.10124pt
* \topmargin=-65.90799pt
* \headheight=12.0pt
* \headsep=25.0pt
* \topskip=12.0pt
* \footskip=30.0pt
* \marginparwidth=44.0pt
* \marginparsep=10.0pt
* \columnsep=10.0pt
* \skip\footins=10.8pt plus 4.0pt minus 2.0pt
* \hoffset=0.0pt
* \voffset=0.0pt
* \mag=1000
* \@twocolumnfalse
* \@twosidefalse
* \@mparswitchfalse
* \@reversemarginfalse
* (1in=72.27pt=25.4mm, 1cm=28.453pt)

\c@lstlisting=\count385
\c@mv@tabular=\count386
\c@mv@boldtabular=\count387
Package caption Info: Begin \AtBeginDocument code.
Package caption Info: End \AtBeginDocument code.
(./book.tex
LaTeX Font Info:    Trying to load font information for T1+Cabin-TLF on input l
ine 4.
 (/usr/local/texlive/2021/texmf-dist/tex/latex/cabin/T1Cabin-TLF.fd
File: T1Cabin-TLF.fd 2020/07/15 (autoinst) Font definitions for T1/Cabin-TLF.
)
LaTeX Font Info:    Font shape `T1/Cabin-TLF/m/n' aliased to
(Font)              `T1/Cabin-TLF/regular/n' on input line 4.
LaTeX Font Info:    Font shape `T1/Cabin-TLF/regular/n' will be
(Font)              scaled to size 11.39996pt on input line 4.
\csllabelwidth=\skip159
LaTeX Font Info:    Font shape `T1/fbb-OsF/m/sc' will be
(Font)              scaled to size 12.0pt on input line 45.
LaTeX Font Info:    Font shape `T1/fbb-OsF/m/n' will be
(Font)              scaled to size 14.4pt on input line 54.
LaTeX Font Info:    Font shape `T1/fbb-OsF/m/it' will be
(Font)              scaled to size 14.4pt on input line 54.
LaTeX Font Info:    Font shape `T1/fbb-OsF/m/sc' will be
(Font)              scaled to size 8.0pt on input line 67.
[1

{/usr/local/texlive/2021/texmf-var/fonts/map/pdftex/updmap/pdftex.map}]
LaTeX Font Info:    Trying to load font information for TS1+fbb-OsF on input li
ne 91.

(/usr/local/texlive/2021/texmf-dist/tex/latex/fbb/TS1fbb-OsF.fd
File: TS1fbb-OsF.fd 2015/08/23 (autoinst) Font definitions for TS1/fbb-OsF.
)
LaTeX Font Info:    Font shape `TS1/fbb-OsF/m/n' will be
(Font)              scaled to size 12.0pt on input line 91.
 [2]
LaTeX Font Info:    Font shape `T1/fbb-OsF/m/n' will be
(Font)              scaled to size 10.95pt on input line 96.
LaTeX Font Info:    Font shape `T1/Cabin-TLF/m/n' aliased to
(Font)              `T1/Cabin-TLF/regular/n' on input line 96.
LaTeX Font Info:    Font shape `T1/Cabin-TLF/regular/n' will be
(Font)              scaled to size 10.40245pt on input line 96.

(./book.toc
LaTeX Font Info:    Font shape `T1/fbb-OsF/b/n' will be
(Font)              scaled to size 12.0pt on input line 1.
LaTeX Font Info:    Trying to load font information for OT1+fbb-TLF on input li
ne 2.
 (/usr/local/texlive/2021/texmf-dist/tex/latex/fbb/OT1fbb-TLF.fd
File: OT1fbb-TLF.fd 2020/07/01 (msharpe) Font definitions for OT1/fbb-TLF.
)
LaTeX Font Info:    Font shape `OT1/fbb-TLF/m/n' will be
(Font)              scaled to size 12.0pt on input line 2.
LaTeX Font Info:    Font shape `OT1/fbb-TLF/m/n' will be
(Font)              scaled to size 8.8pt on input line 2.
LaTeX Font Info:    Font shape `OT1/fbb-TLF/m/n' will be
(Font)              scaled to size 6.6pt on input line 2.
LaTeX Font Info:    Trying to load font information for U+ntxmia on input line 
2.

(/usr/local/texlive/2021/texmf-dist/tex/latex/newtx/untxmia.fd
File: untxmia.fd 2018/04/14 Fontinst v1.933 font definitions for U/ntxmia.
)
LaTeX Font Info:    Trying to load font information for U+ntxsym on input line 
2.

(/usr/local/texlive/2021/texmf-dist/tex/latex/newtx/untxsym.fd
File: untxsym.fd 2015/03/20 Fontinst v1.933 font definitions for U/ntxsym.
)
LaTeX Font Info:    Trying to load font information for U+ntxsyc on input line 
2.

(/usr/local/texlive/2021/texmf-dist/tex/latex/newtx/untxsyc.fd
File: untxsyc.fd 2012/04/12 Fontinst v1.933 font definitions for U/ntxsyc.
)
LaTeX Font Info:    Trying to load font information for U+wasy on input line 2.


(/usr/local/texlive/2021/texmf-dist/tex/latex/wasysym/uwasy.fd
File: uwasy.fd 2020/01/19 v2.4 Wasy-2 symbol font definitions
) [3] [4]
[5] [6] [7] [8] [9] [10])
\tf@toc=\write5

\openout5 = book.toc
 [11]
LaTeX Font Info:    Font shape `T1/fbb-OsF/m/it' will be
(Font)              scaled to size 12.0pt on input line 110.
 [12] [13]
LaTeX Font Info:    Trying to load font information for T1+zlmtt on input line 
190.

(/usr/local/texlive/2021/texmf-dist/tex/latex/zlmtt/t1zlmtt.fd
File: t1zlmtt.fd 2014/02/07 v1.0 Alternate font definitions for Latin Modern Ty
pewriter, Michael Sharpe
)
LaTeX Font Info:    Font shape `T1/zlmtt/m/n' will be
(Font)              scaled to size 11.71657pt on input line 190.
LaTeX Font Info:    Font shape `T1/zlmtt/b/n' will be
(Font)              scaled to size 11.71657pt on input line 194.
Package textcomp Info: Symbol \textasciigrave not provided by
(textcomp)             font family zlmtt in TS1 encoding.
(textcomp)             Default family used instead on input line 194.
LaTeX Font Info:    Trying to load font information for T1+lmtt on input line 1
94.

(/usr/local/texlive/2021/texmf-dist/tex/latex/lm/t1lmtt.fd
File: t1lmtt.fd 2015/05/01 v1.6.1 Font defs for Latin Modern
)
LaTeX Font Info:    Trying to load font information for TS1+lmtt on input line 
194.

(/usr/local/texlive/2021/texmf-dist/tex/latex/lm/ts1lmtt.fd
File: ts1lmtt.fd 2015/05/01 v1.6.1 Font defs for Latin Modern
)
LaTeX Font Info:    Trying to load font information for TS1+zlmtt on input line
 290.

(/usr/local/texlive/2021/texmf-dist/tex/latex/zlmtt/ts1zlmtt.fd
File: ts1zlmtt.fd 2014/02/07 v1.0 Alternate font definitions for Latin Modern T
ypewriterunhbox voidb@x kern z@ char `protect protect leavevmode@ifvmode kern +
.1667emrelax  Michael Sharpe
)
LaTeX Font Info:    Font shape `TS1/zlmtt/m/n' will be
(Font)              scaled to size 11.71657pt on input line 290.
 [14]
Underfull \vbox (badness 10000) detected at line 296
 []


Underfull \vbox (badness 10000) detected at line 296
 []

[15]
Underfull \vbox (badness 10000) detected at line 296
 []


Underfull \vbox (badness 10000) detected at line 296
 []

[16] [17] [18] [19] [20]
Underfull \hbox (badness 1199) in paragraph at lines 457--462
[]\T1/fbb-OsF/m/n/12 I (Mick) strongly be-lieve in quan-ti-ta-tive in-for-ma-tio
n.
 []

[21] [22]
Underfull \hbox (badness 1655) in paragraph at lines 526--529
\T1/fbb-OsF/m/n/12 at IBM, Mc-Mas-ter banned Pow-er-point among his staff.
 []

[23]
LaTeX Font Info:    Font shape `T1/zlmtt/m/n' will be
(Font)              scaled to size 12.84009pt on input line 570.

Underfull \hbox (badness 1496) in paragraph at lines 567--576
\T1/fbb-OsF/m/n/12 be-tween these roles. These have ap-peared at [][]$\T1/zlmtt
/m/n/12 http://
 []


Underfull \hbox (badness 10000) in paragraph at lines 567--576
\T1/zlmtt/m/n/12 bold.pixelapse.com/minming/recruiting-a-desi
 []


Underfull \hbox (badness 10000) in paragraph at lines 567--576
\T1/zlmtt/m/n/12 gner-heres-what-you-should-know$[][] \T1/fbb-OsF/m/n/12 and []
[]$\T1/zlmtt/m/n/12 https://
 []


Underfull \hbox (badness 10000) in paragraph at lines 567--576
\T1/zlmtt/m/n/12 www.fastcodesign.com/3032719/ui-ux-who-does-
 []


Underfull \hbox (badness 10000) in paragraph at lines 567--576
\T1/zlmtt/m/n/12 what-a-designers-guide-to-the-tech-industry$[][]\T1/fbb-OsF/m/
n/12 .
 []

[24]
LaTeX Font Info:    Font shape `T1/zlmtt/m/n' will be
(Font)              scaled to size 10.70007pt on input line 589.

Overfull \hbox (13.0189pt too wide) in paragraph at lines 594--595
 [] 
 []

[25] [26] [27] [28] [29] [30] [31] [32] [33] [34] [35] [36] [37] [38] [39]
[40] [41] [42] [43] [44] [45] [46]
Underfull \hbox (badness 2951) in paragraph at lines 1475--1478
[]\T1/fbb-OsF/m/n/12 You should in-ves-ti-gate the above-listed re-sources to
 []

[47]
<fiFlatDanger.png, id=1858, 602.25pt x 451.6875pt>
File: fiFlatDanger.png Graphic file (type png)
<use fiFlatDanger.png>
Package luatex.def Info: fiFlatDanger.png  used on input line 1516.
(luatex.def)             Requested size: 289.08589pt x 170.71947pt.
<fiDoorPull.jpg, id=1865, 642.4pt x 671.50874pt>
File: fiDoorPull.jpg Graphic file (type jpg)
<use fiDoorPull.jpg>
Package luatex.def Info: fiDoorPull.jpg  used on input line 1525.
(luatex.def)             Requested size: 289.08713pt x 170.71501pt.
 [48<./fiFlatDanger.png>]
<fiPushPull.jpg, id=1876, 1201.48875pt x 803.0pt>
File: fiPushPull.jpg Graphic file (type jpg)
<use fiPushPull.jpg>
Package luatex.def Info: fiPushPull.jpg  used on input line 1532.
(luatex.def)             Requested size: 289.07819pt x 170.71794pt.
<fiAffordBig.jpg, id=1879, 2055.68pt x 1365.1pt>
File: fiAffordBig.jpg Graphic file (type jpg)
<use fiAffordBig.jpg>
Package luatex.def Info: fiAffordBig.jpg  used on input line 1539.
(luatex.def)             Requested size: 289.07928pt x 170.69957pt.
 [49<./fiDoorPull.jpg><./fiPushPull.jpg>]
<fiAffordance.jpg, id=1888, 565.36218pt x 426.09187pt>
File: fiAffordance.jpg Graphic file (type jpg)
<use fiAffordance.jpg>
Package luatex.def Info: fiAffordance.jpg  used on input line 1546.
(luatex.def)             Requested size: 289.08142pt x 170.71979pt.
<fiNiceIpad1.png, id=1891, 1027.84pt x 770.88pt>
File: fiNiceIpad1.png Graphic file (type png)
<use fiNiceIpad1.png>
Package luatex.def Info: fiNiceIpad1.png  used on input line 1553.
(luatex.def)             Requested size: 289.07928pt x 170.71158pt.
 [50<./fiAffordBig.jpg><./fiAffordance.jpg>]
<fiDarkHorse.jpg, id=1900, 301.125pt x 225.84375pt>
File: fiDarkHorse.jpg Graphic file (type jpg)
<use fiDarkHorse.jpg>
Package luatex.def Info: fiDarkHorse.jpg  used on input line 1560.
(luatex.def)             Requested size: 289.10887pt x 170.72636pt.
<fiElev1.jpg, id=1903, 380.42125pt x 1003.75pt>
File: fiElev1.jpg Graphic file (type jpg)
<use fiElev1.jpg>
Package luatex.def Info: fiElev1.jpg  used on input line 1567.
(luatex.def)             Requested size: 72.26917pt x 170.71182pt.
 [51<./fiNiceIpad1.png><./fiDarkHorse.jpg>]
<fiElev2.jpg, id=1912, 745.78625pt x 1696.3375pt>
File: fiElev2.jpg Graphic file (type jpg)
<use fiElev2.jpg>
Package luatex.def Info: fiElev2.jpg  used on input line 1571.
(luatex.def)             Requested size: 72.26152pt x 170.70493pt.

[52<./fiElev1.jpg><./fiElev2.jpg>] [53] [54]
<fiAffinity.pdf, id=1956, 973.6375pt x 679.53876pt>
File: fiAffinity.pdf Graphic file (type pdf)
<use fiAffinity.pdf>
Package luatex.def Info: fiAffinity.pdf  used on input line 1677.
(luatex.def)             Requested size: 289.07764pt x 170.71378pt.
 [55<./fiAffinity.pdf>] [56]
[57] [58] [59] [60] [61] [62]
<fiListening.png, id=2085, 1284.8pt x 722.7pt>
File: fiListening.png Graphic file (type png)
<use fiListening.png>
Package luatex.def Info: fiListening.png  used on input line 2046.
(luatex.def)             Requested size: 303.4964pt x 170.71652pt.
 [63<./fiListening.png>] [64] [65] [66] [67]
[68] [69]
Underfull \hbox (badness 1102) in paragraph at lines 2307--2309
\T1/fbb-OsF/m/n/12 In-for-ma-tion can be con-tro-ver-sial to de-fine. Widespread

 []

[70] [71] [72] [73] [74] [75] [76] [77] [78] [79] [80] [81
Missing character: There is no  (U+2018) in font fbb-Regular-osf-t1!
Missing character: There is no  (U+2019) in font fbb-Regular-osf-t1!
Missing character: There is no  (U+2018) in font fbb-Regular-osf-t1!
Missing character: There is no  (U+2019) in font fbb-Regular-osf-t1!
Missing character: There is no  (U+2018) in font fbb-Regular-osf-t1!
Missing character: There is no  (U+2019) in font fbb-Regular-osf-t1!
Missing character: There is no  (U+2018) in font fbb-Regular-osf-t1!
Missing character: There is no  (U+2019) in font fbb-Regular-osf-t1!
] [82
Missing character: There is no  (U+2019) in font fbb-Regular-osf-t1!
Missing character: There is no  (U+2019) in font fbb-Regular-osf-t1!
Missing character: There is no  (U+2014) in font fbb-Regular-osf-t1!
Missing character: There is no  (U+201C) in font fbb-Regular-osf-t1!
Missing character: There is no  (U+201D) in font fbb-Regular-osf-t1!
] [83] [84]
[85] [86] [87] [88] [89] [90] [91] [92] [93] [94] [95]
Underfull \hbox (badness 1259) in paragraph at lines 3263--3269
[] [] |\T1/fbb-OsF/b/n/12 De-sign pat-terns were first ob-served. []\T1/fbb-OsF
/m/n/12 De-sign pat-
 []

[96] [97] [98] [99] [100] [101] [102] [103] [104]
<fiSearchAnal.png, id=2649, 433.62pt x 219.82124pt>
File: fiSearchAnal.png Graphic file (type png)
<use fiSearchAnal.png>
Package luatex.def Info: fiSearchAnal.png  used on input line 3645.
(luatex.def)             Requested size: 242.6469pt x 110.57112pt.

Underfull \hbox (badness 1033) in paragraph at lines 3651--3656
\T1/fbb-OsF/m/n/12 Yes, search anal-y-sis, the most pop-u-lar tool to shape the
 []

[105<./fiSearchAnal.png>] [106] [107] [108] [109] [110]
<./fiBusyBox.jpg, id=2726, 1505.625pt x 1304.875pt>
File: ./fiBusyBox.jpg Graphic file (type jpg)
<use ./fiBusyBox.jpg>
Package luatex.def Info: ./fiBusyBox.jpg  used on input line 3871.
(luatex.def)             Requested size: 196.97871pt x 170.71652pt.
 [111<./fiBusyBox.jpg>]
[112] [113] [114] [115]
<./fiBertinExExmpl.jpg, id=2783, 1525.7pt x 2698.08pt>
File: ./fiBertinExExmpl.jpg Graphic file (type jpg)
<use ./fiBertinExExmpl.jpg>
Package luatex.def Info: ./fiBertinExExmpl.jpg  used on input line 4034.
(luatex.def)             Requested size: 96.52002pt x 170.71652pt.
 [116<./fiBertinExExmpl.jpg>] [117] [118] [119] [120]
<./fiPicassoBulls.jpg, id=2848, 1096.095pt x 782.925pt>
File: ./fiPicassoBulls.jpg Graphic file (type jpg)
<use ./fiPicassoBulls.jpg>
Package luatex.def Info: ./fiPicassoBulls.jpg  used on input line 4231.
(luatex.def)             Requested size: 239.00084pt x 170.71652pt.
<fiMadridOlympics.jpg, id=2853, 794.97pt x 364.2408pt>
File: fiMadridOlympics.jpg Graphic file (type jpg)
<use fiMadridOlympics.jpg>
Package luatex.def Info: fiMadridOlympics.jpg  used on input line 4245.
(luatex.def)             Requested size: 242.64139pt x 110.57362pt.

[121<./fiMadridOlympics.jpg>] [122<./fiPicassoBulls.jpg>] [123] [124]
Underfull \hbox (badness 10000) in paragraph at lines 4376--4377
[][][]$\T1/zlmtt/m/n/12 https://www.smashingmagazine.com/2014/03/
 []


Underfull \hbox (badness 10000) in paragraph at lines 4376--4377
\T1/zlmtt/m/n/12 28/design-principles-visual-perception-and-
 []


Underfull \hbox (badness 10000) in paragraph at lines 4378--4379
[][][]$\T1/zlmtt/m/n/12 https://www.smashingmagazine.com/2014/05/
 []


Underfull \hbox (badness 10000) in paragraph at lines 4378--4379
\T1/zlmtt/m/n/12 16/design-principles-space-figure-ground-rela
 []


Underfull \hbox (badness 10000) in paragraph at lines 4380--4381
[][][]$\T1/zlmtt/m/n/12 https://www.smashingmagazine.com/2014/09/
 []


Underfull \hbox (badness 10000) in paragraph at lines 4380--4381
\T1/zlmtt/m/n/12 22/design-principles-connecting-and-separati
 []


Underfull \hbox (badness 10000) in paragraph at lines 4382--4383
[][][]$\T1/zlmtt/m/n/12 https://www.smashingmagazine.com/2014/12/
 []


Underfull \hbox (badness 10000) in paragraph at lines 4384--4385
[][][]$\T1/zlmtt/m/n/12 https://www.smashingmagazine.com/2015/02/
 []


Underfull \hbox (badness 10000) in paragraph at lines 4384--4385
\T1/zlmtt/m/n/12 27/design-principles-dominance-focal-points-
 []


Underfull \hbox (badness 10000) in paragraph at lines 4386--4387
[][][]$\T1/zlmtt/m/n/12 https://www.smashingmagazine.com/2015/04/
 []


Underfull \hbox (badness 10000) in paragraph at lines 4386--4387
\T1/zlmtt/m/n/12 29/design-principles-compositional-flow-and-
 []


Underfull \hbox (badness 10000) in paragraph at lines 4388--4389
[][][]$\T1/zlmtt/m/n/12 https://www.smashingmagazine.com/2015/06/
 []


Underfull \hbox (badness 10000) in paragraph at lines 4388--4389
\T1/zlmtt/m/n/12 design-principles-compositional-balance-symmet
 []

[125] [126]
<./fiBodoniVitaN.png, id=2976, 2215.27625pt x 1529.715pt>
File: ./fiBodoniVitaN.png Graphic file (type png)
<use ./fiBodoniVitaN.png>
Package luatex.def Info: ./fiBodoniVitaN.png  used on input line 4458.
(luatex.def)             Requested size: 247.19658pt x 170.71652pt.
 [127<./fiBodoniVitaN.png>] [128] [129]
<./fiDrKnowMenu1.pdf, id=3021, 856.19875pt x 481.8pt>
File: ./fiDrKnowMenu1.pdf Graphic file (type pdf)
<use ./fiDrKnowMenu1.pdf>
Package luatex.def Info: ./fiDrKnowMenu1.pdf  used on input line 4552.
(luatex.def)             Requested size: 303.3713pt x 170.71652pt.
<./fiDrKnowMenu2.pdf, id=3026, 856.19875pt x 481.8pt>
File: ./fiDrKnowMenu2.pdf Graphic file (type pdf)
<use ./fiDrKnowMenu2.pdf>
Package luatex.def Info: ./fiDrKnowMenu2.pdf  used on input line 4563.
(luatex.def)             Requested size: 303.3713pt x 170.71652pt.
<./fiDrKnowMenu3.pdf, id=3031, 856.19875pt x 481.8pt>
File: ./fiDrKnowMenu3.pdf Graphic file (type pdf)
<use ./fiDrKnowMenu3.pdf>
Package luatex.def Info: ./fiDrKnowMenu3.pdf  used on input line 4576.
(luatex.def)             Requested size: 303.3713pt x 170.71652pt.
 [130<./fiDrKnowMenu1.pdf>]
[131<./fiDrKnowMenu2.pdf>]
<./fiDrKnowMenu4.pdf, id=3059, 856.19875pt x 481.8pt>
File: ./fiDrKnowMenu4.pdf Graphic file (type pdf)
<use ./fiDrKnowMenu4.pdf>
Package luatex.def Info: ./fiDrKnowMenu4.pdf  used on input line 4609.
(luatex.def)             Requested size: 303.3713pt x 170.71652pt.
 [132<./fiDrKnowMenu3.pdf>] [133<./fiDrKnowMenu4.pdf>] [134]
<./fiColorWords.pdf, id=3112, 537.00626pt x 353.32pt>
File: ./fiColorWords.pdf Graphic file (type pdf)
<use ./fiColorWords.pdf>
Package luatex.def Info: ./fiColorWords.pdf  used on input line 4716.
(luatex.def)             Requested size: 259.47263pt x 170.71652pt.
 [135] [136<./fiColorWords.pdf>]
<fiSwimLanes.jpg, id=3155, 536.0025pt x 199.49532pt>
File: fiSwimLanes.jpg Graphic file (type jpg)
<use fiSwimLanes.jpg>
Package luatex.def Info: fiSwimLanes.jpg  used on input line 4796.
(luatex.def)             Requested size: 304.07697pt x 126.4711pt.
 [137] [138<./fiSwimLanes.jpg>] [139]
[140]
Underfull \hbox (badness 2302) in paragraph at lines 4924--4939
\T1/fbb-OsF/m/n/12 be-lieved Empe-do-cles's the-ory that ev-ery-thing
 []

[141] [142] [143] [144] [145]
<fiPicassoNude.jpg, id=3260, 1405.25pt x 1106.1325pt>
File: fiPicassoNude.jpg Graphic file (type jpg)
<use fiPicassoNude.jpg>
Package luatex.def Info: fiPicassoNude.jpg  used on input line 5093.
(luatex.def)             Requested size: 242.64175pt x 170.70612pt.
 [146<./fiPicassoNude.jpg>] [147] [148] [149]
[150] [151] [152] [153]
<fiAffinityExample.png, id=3377, 903.375pt x 1101.11375pt>
File: fiAffinityExample.png Graphic file (type png)
<use fiAffinityExample.png>
Package luatex.def Info: fiAffinityExample.png  used on input line 5431.
(luatex.def)             Requested size: 307.15723pt x 325.21219pt.
 [154] [155<./fiAffinityExample.png>] [156] [157]
Underfull \hbox (badness 2343) in paragraph at lines 5511--5518
\T1/fbb-OsF/m/n/12 anti-personas. These per-sonas de-fine be-hav-ior pat-terns
 []

[158] [159] [160] [161] [162] [163] [164]
<./fiWP7hq.jpg, id=3488, 238.491pt x 158.994pt>
File: ./fiWP7hq.jpg Graphic file (type jpg)
<use ./fiWP7hq.jpg>
Package luatex.def Info: ./fiWP7hq.jpg  used on input line 5786.
(luatex.def)             Requested size: 256.08896pt x 170.71652pt.
 [165<./fiWP7hq.jpg>] [166] [167]
<fiDimeHlfDllr.jpg, id=3527, 3282.2625pt x 2973.1075pt>
File: fiDimeHlfDllr.jpg Graphic file (type jpg)
<use fiDimeHlfDllr.jpg>
Package luatex.def Info: fiDimeHlfDllr.jpg  used on input line 5899.
(luatex.def)             Requested size: 221.11745pt x 170.71191pt.
<./fiPickingKey.jpg, id=3533, 2583.6525pt x 1917.1625pt>
File: ./fiPickingKey.jpg Graphic file (type jpg)
<use ./fiPickingKey.jpg>
Package luatex.def Info: ./fiPickingKey.jpg  used on input line 5921.
(luatex.def)             Requested size: 230.03502pt x 170.71652pt.

[168] [169<./fiDimeHlfDllr.jpg>] [170<./fiPickingKey.jpg>]
<./fiRecordInteract.jpg, id=3562, 5331.92pt x 2999.205pt>
File: ./fiRecordInteract.jpg Graphic file (type jpg)
<use ./fiRecordInteract.jpg>
Package luatex.def Info: ./fiRecordInteract.jpg  used on input line 5993.
(luatex.def)             Requested size: 303.467pt x 170.71652pt.
 [171] [172<./fiRecordInteract.jpg>] [173] [174] [175] [176] [177]
Underfull \hbox (badness 1622) in paragraph at lines 6254--6259
[] [] |\T1/fbb-OsF/b/n/12 Un-oc-cu-pied room. []\T1/fbb-OsF/m/n/12 Draw an un-oc
-cu-pied room in
 []

[178]
LaTeX Font Info:    Font shape `T1/fbb-OsF/b/it' will be
(Font)              scaled to size 12.0pt on input line 6287.
 [179] [180]
Overfull \hbox (2.77689pt too wide) in paragraph at lines 6336--6343
[]\T1/fbb-OsF/m/n/12 The Min-istry of Truth--Minitrue, in Newspeak $\LMS/ntxsy/
m/n/12 $\T1/fbb-OsF/m/n/12 Newspeak
 []

[181] [182] [183] [184] [185] [186]
<fiSharaku.png, id=3737, 301.125pt x 280.04625pt>
File: fiSharaku.png Graphic file (type png)
<use fiSharaku.png>
Package luatex.def Info: fiSharaku.png  used on input line 6558.
(luatex.def)             Requested size: 184.29707pt x 184.29694pt.
 [187<./fiSharaku.png>]
<fiChildFace.jpg, id=3750, 3733.95pt x 2902.845pt>
File: fiChildFace.jpg Graphic file (type jpg)
<use fiChildFace.jpg>
Package luatex.def Info: fiChildFace.jpg  used on input line 6583.
(luatex.def)             Requested size: 301.00111pt x 170.70827pt.
 [188<./fiChildFace.jpg>]
<fiOlio1.png, id=3776, 1043.9pt x 1029.8475pt>
File: fiOlio1.png Graphic file (type png)
<use fiOlio1.png>
Package luatex.def Info: fiOlio1.png  used on input line 6665.
(luatex.def)             Requested size: 150.49352pt x 119.77353pt.
 [189]
<fiOlio2.png, id=3789, 1027.84pt x 835.12pt>
File: fiOlio2.png Graphic file (type png)
<use fiOlio2.png>
Package luatex.def Info: fiOlio2.png  used on input line 6677.
(luatex.def)             Requested size: 273.36436pt x 170.71648pt.
 [190<./fiOlio1.png><./fiOlio2.png>] [191]
Underfull \hbox (badness 1168) in paragraph at lines 6745--6749
[]\T1/fbb-OsF/m/n/12 Holtzblatt, Karen, Jes-samyn Burns Wen-dell, and Shel-ley
 []

[192]
Underfull \hbox (badness 1789) in paragraph at lines 6790--6794
\T1/fbb-OsF/m/n/12 Macaulay. 2011. ``User-Sensitive In-clu-sive De-sign.''
 []

[193]
Underfull \hbox (badness 1325) in paragraph at lines 6836--6842
\T1/fbb-OsF/m/n/12 2003. ``Pa-per Pro-to-typ-ing - What Is It Good for?:
 []


Underfull \hbox (badness 1014) in paragraph at lines 6836--6842
\T1/fbb-OsF/m/n/12 A Com-par-i-son of Paper- and Computer-Based Low-
 []


Underfull \hbox (badness 2744) in paragraph at lines 6836--6842
\T1/fbb-OsF/m/n/12 Fidelity Pro-to-typ-ing.'' In \T1/fbb-OsF/m/it/12 CHI '03: CH
I '03 Ex-
 []


Underfull \hbox (badness 2512) in paragraph at lines 6836--6842
\T1/fbb-OsF/m/it/12 tended Ab-stracts on Hu-man Fac-tors in Com-put-ing Sys-
 []


Underfull \hbox (badness 1742) in paragraph at lines 6836--6842
\T1/fbb-OsF/m/it/12 tems\T1/fbb-OsF/m/n/12 , 778--79. https://-doi.org/[][]$\T1
/zlmtt/m/n/12 http://doi.acm.org/
 []


Underfull \hbox (badness 4505) in paragraph at lines 6853--6860
\T1/fbb-OsF/m/n/12 With-out Dis-abil-i-ties Shapes Stu-dent De-sign Think-
 []


Underfull \hbox (badness 3375) in paragraph at lines 6853--6860
\T1/fbb-OsF/m/n/12 ing.'' In \T1/fbb-OsF/m/it/12 Pro-ceed-ings of the 18th In-te
r-na-tional ACM
 []


Underfull \hbox (badness 1019) in paragraph at lines 6853--6860
\T1/fbb-OsF/m/it/12 SIGAC-CESS Con-fer-ence on Com-put-ers and Ac-ces-si-bil-ity
\T1/fbb-OsF/m/n/12 ,
 []

[194]) [195] (./book.aux))

Here is how much of LuaTeX's memory you used:
 48315 strings out of 478112
 125297,7087374 words of node,token memory allocated
 3206 words of node memory still in use:
   23 hlist, 2 vlist, 10 rule, 2 glue, 23 kern, 107 glyph, 318 attribute, 131 gl
ue_spec, 194 attribute_list, 2 write, 16 pdf_literal, 25 pdf_action, 16 pdf_colo
rstack nodes
   avail lists: 1:13,2:3040,3:808,4:306,5:727,6:78,7:5840,8:132,9:502,10:20,11:4
39
 65694 multiletter control sequences out of 65536+600000
 130 fonts using 10352855 bytes
 94i,8n,121p,1485b,1220s stack positions out of 5000i,500n,10000p,200000b,80000s
{/usr/local/texlive/2021/texmf-dist/fonts/enc/dvips/fbb/fbb_3gn25k.enc}{/usr/loc
al/texlive/2021/texmf-dist/fonts/enc/dvips/fbb/fbb_ulsnvv.enc}{/usr/local/texliv
e/2021/texmf-dist/fonts/enc/dvips/lm/lm-ec.enc}{/usr/local/texlive/2021/texmf-di
st/fonts/enc/dvips/lm/lm-ts1.enc}{/usr/local/texlive/2021/texmf-dist/fonts/enc/d
vips/fbb/fbb_qznuv4.enc}{/usr/local/texlive/2021/texmf-dist/fonts/enc/dvips/cabi
n/cbn_i3ioen.enc}{/usr/local/texlive/2021/texmf-dist/fonts/enc/dvips/fbb/fbb_m5y
nvh.enc}{/usr/local/texlive/2021/texmf-dist/fonts/enc/dvips/fbb/fbb_qfprdo.enc}<
/Users/mjmics/Library/Fonts/lmroman10-regular.otf>{/usr/local/texlive/2021/texmf
-dist/fonts/enc/dvips/fbb/fbb_k3h4c5.enc}</usr/local/texlive/2021/texmf-dist/fon
ts/type1/impallari/cabin/Cabin-Regular.pfb></usr/local/texlive/2021/texmf-dist/f
onts/type1/public/newtx/LibertineMathMI.pfb></usr/local/texlive/2021/texmf-dist/
fonts/type1/public/fbb/fbb-Bold.pfb></usr/local/texlive/2021/texmf-dist/fonts/ty
pe1/public/fbb/fbb-BoldItalic.pfb></usr/local/texlive/2021/texmf-dist/fonts/type
1/public/fbb/fbb-Italic.pfb></usr/local/texlive/2021/texmf-dist/fonts/type1/publ
ic/fbb/fbb-Regular.pfb></usr/local/texlive/2021/texmf-dist/fonts/type1/public/lm
/lmtk10.pfb></usr/local/texlive/2021/texmf-dist/fonts/type1/public/lm/lmtt10.pfb
></usr/local/texlive/2021/texmf-dist/fonts/type1/public/lm/lmtt12.pfb></usr/loca
l/texlive/2021/texmf-dist/fonts/type1/public/newtx/txexs.pfb></usr/local/texlive
/2021/texmf-dist/fonts/type1/public/newtx/txmiaX.pfb></usr/local/texlive/2021/te
xmf-dist/fonts/type1/public/newtx/txsys.pfb></usr/local/texlive/2021/texmf-dist/
fonts/type1/urw/zapfding/uzdr.pfb>
Output written on book.pdf (195 pages, 25764786 bytes).

PDF statistics: 4847 PDF objects out of 5155 (max. 8388607)
 4520 compressed objects within 46 object streams
 815 named destinations out of 1000 (max. 131072)
 12304 words of extra memory for PDF output out of 12500 (max. 100000000)

